------Start of DE processing------ = [7/3/24 15:27:21:263 UTC]
Exception = com.ibm.ws.webcontainer.webapp.WebAppErrorReport
Source = com.ibm.ws.webcontainer.filter.WebAppFilterChain.doFilter
probeid = 82
Stack Dump = com.ibm.ws.webcontainer.webapp.WebAppErrorReport: javax.servlet.ServletException: java.io.IOException: Broken pipe
	at com.ibm.ws.webcontainer.webapp.WebAppErrorReport.constructErrorReport(WebAppErrorReport.java:157)
	at com.ibm.ws.webcontainer.webapp.WebAppErrorReport.constructErrorReport(WebAppErrorReport.java:204)
	at com.ibm.ws.webcontainer.servlet.FileServletWrapper.handleRequest(FileServletWrapper.java:577)
	at com.ibm.ws.webcontainer.servlet.FileServletWrapper.handleRequest(FileServletWrapper.java:268)
	at com.ibm.ws.webcontainer.extension.DefaultExtensionProcessor.handleRequest(DefaultExtensionProcessor.java:898)
	at com.ibm.ws.webcontainer.filter.WebAppFilterChain.invokeTarget(WebAppFilterChain.java:197)
	at com.ibm.ws.webcontainer.filter.WebAppFilterChain.doFilter(WebAppFilterChain.java:100)
	at com.ibm.zosconnect.ui.war.CacheFilter.doFilter(CacheFilter.java:55)
	at com.ibm.ws.webcontainer.filter.FilterInstanceWrapper.doFilter(FilterInstanceWrapper.java:203)
	at com.ibm.ws.webcontainer.filter.WebAppFilterChain.doFilter(WebAppFilterChain.java:93)
	at com.ibm.ws.webcontainer.filter.WebAppFilterManager.doFilter(WebAppFilterManager.java:1068)
	at com.ibm.ws.webcontainer.filter.WebAppFilterManager.invokeFilters(WebAppFilterManager.java:1260)
	at com.ibm.ws.webcontainer.webapp.WebApp.handleRequest(WebApp.java:5080)
	at com.ibm.ws.webcontainer.osgi.DynamicVirtualHost$2.handleRequest(DynamicVirtualHost.java:318)
	at com.ibm.ws.webcontainer.WebContainer.handleRequest(WebContainer.java:1038)
	at com.ibm.ws.webcontainer.osgi.DynamicVirtualHost$2.run(DynamicVirtualHost.java:283)
	at com.ibm.ws.http.dispatcher.internal.channel.HttpDispatcherLink$TaskWrapper.run(HttpDispatcherLink.java:1248)
	at com.ibm.ws.http.dispatcher.internal.channel.HttpDispatcherLink.wrapHandlerAndExecute(HttpDispatcherLink.java:470)
	at com.ibm.ws.http.dispatcher.internal.channel.HttpDispatcherLink.ready(HttpDispatcherLink.java:429)
	at com.ibm.ws.http.channel.internal.inbound.HttpInboundLink.handleDiscrimination(HttpInboundLink.java:569)
	at com.ibm.ws.http.channel.internal.inbound.HttpInboundLink.handleNewRequest(HttpInboundLink.java:503)
	at com.ibm.ws.http.channel.internal.inbound.HttpInboundLink.processRequest(HttpInboundLink.java:363)
	at com.ibm.ws.http.channel.internal.inbound.HttpInboundLink.ready(HttpInboundLink.java:330)
	at com.ibm.ws.tcpchannel.internal.NewConnectionInitialReadCallback.sendToDiscriminators(NewConnectionInitialReadCallback.java:169)
	at com.ibm.ws.tcpchannel.internal.NewConnectionInitialReadCallback.complete(NewConnectionInitialReadCallback.java:77)
	at com.ibm.ws.tcpchannel.internal.WorkQueueManager.requestComplete(WorkQueueManager.java:516)
	at com.ibm.ws.tcpchannel.internal.WorkQueueManager.attemptIO(WorkQueueManager.java:586)
	at com.ibm.ws.tcpchannel.internal.WorkQueueManager.workerRun(WorkQueueManager.java:970)
	at com.ibm.ws.tcpchannel.internal.WorkQueueManager$Worker.run(WorkQueueManager.java:1059)
	at com.ibm.ws.threading.internal.ExecutorServiceImpl$RunnableWrapper.run(ExecutorServiceImpl.java:247)
	at java.util.concurrent.ThreadPoolExecutor.runWorker(ThreadPoolExecutor.java:1160)
	at java.util.concurrent.ThreadPoolExecutor$Worker.run(ThreadPoolExecutor.java:635)
	at java.lang.Thread.run(Thread.java:825)
Caused by: javax.servlet.ServletException: java.io.IOException: Broken pipe
	at com.ibm.ws.webcontainer.servlet.FileServletWrapper.service(FileServletWrapper.java:723)
	at com.ibm.ws.webcontainer.servlet.FileServletWrapper.handleRequest(FileServletWrapper.java:518)
	... 30 more
Caused by: java.io.IOException: Broken pipe
	at sun.nio.ch.FileDispatcherImpl.writev0(Native Method)
	at sun.nio.ch.SocketDispatcher.writev(SocketDispatcher.java:63)
	at sun.nio.ch.IOUtil.write(IOUtil.java:160)
	at sun.nio.ch.SocketChannelImpl.write(SocketChannelImpl.java:518)
	at java.nio.channels.SocketChannel.write(SocketChannel.java:513)
	at com.ibm.ws.tcpchannel.internal.NioSocketIOChannel.write(NioSocketIOChannel.java:207)
	at com.ibm.ws.tcpchannel.internal.NioSocketIOChannel.attemptWriteToSocketUsingNIO(NioSocketIOChannel.java:158)
	at com.ibm.ws.tcpchannel.internal.SocketIOChannel.attemptWriteToSocket(SocketIOChannel.java:200)
	at com.ibm.ws.tcpchannel.internal.WorkQueueManager.attemptIO(WorkQueueManager.java:607)
	at com.ibm.ws.tcpchannel.internal.WorkQueueManager.processWork(WorkQueueManager.java:311)
	at com.ibm.ws.tcpchannel.internal.NioTCPWriteRequestContextImpl.processAsyncWriteRequest(NioTCPWriteRequestContextImpl.java:104)
	at com.ibm.ws.tcpchannel.internal.TCPWriteRequestContextImpl.writeInternal(TCPWriteRequestContextImpl.java:322)
	at com.ibm.ws.tcpchannel.internal.NioTCPWriteRequestContextImpl.processSyncWriteRequest(NioTCPWriteRequestContextImpl.java:60)
	at com.ibm.ws.tcpchannel.internal.TCPWriteRequestContextImpl.write(TCPWriteRequestContextImpl.java:98)
	at com.ibm.ws.http.channel.internal.HttpServiceContextImpl.synchWrite(HttpServiceContextImpl.java:3143)
	at com.ibm.ws.http.channel.internal.HttpServiceContextImpl.sendOutgoing(HttpServiceContextImpl.java:2771)
	at com.ibm.ws.http.channel.internal.inbound.HttpInboundServiceContextImpl.sendResponseBody(HttpInboundServiceContextImpl.java:705)
	at com.ibm.ws.http.channel.internal.outbound.HttpOutputStreamImpl.flushBuffers(HttpOutputStreamImpl.java:546)
	at com.ibm.ws.http.channel.internal.outbound.HttpOutputStreamImpl.writeToBuffers(HttpOutputStreamImpl.java:330)
	at com.ibm.ws.http.channel.internal.outbound.HttpOutputStreamImpl.write(HttpOutputStreamImpl.java:687)
	at com.ibm.ws.webcontainer.osgi.response.WCOutputStream.write(WCOutputStream.java:254)
	at com.ibm.ws.webcontainer31.osgi.response.WCOutputStream31.write(WCOutputStream31.java:219)
	at com.ibm.ws.webcontainer.servlet.FileServletWrapper.writeByBytes(FileServletWrapper.java:1006)
	at com.ibm.ws.webcontainer.servlet.FileServletWrapper.writeResponseToClient(FileServletWrapper.java:962)
	at com.ibm.ws.webcontainer.servlet.FileServletWrapper.service(FileServletWrapper.java:695)
	... 31 more

Dump of callerThis
Object type = com.ibm.ws.webcontainer.filter.WebAppFilterChain
  _filters = class java.util.ArrayList@88232441
    serialVersionUID = 8683452581122892189
    DEFAULT_CAPACITY = 10
    EMPTY_ELEMENTDATA = class java.lang.Object[0]
    DEFAULTCAPACITY_EMPTY_ELEMENTDATA = class java.lang.Object[0]
    elementData = class java.lang.Object[5]
      Object[0] = class com.ibm.ws.webcontainer.filter.FilterInstanceWrapper@57a2ddb0
      Object[1] = null
      Object[2] = null
      Object[3] = null
      Object[4] = null
    size = 1
    MAX_ARRAY_SIZE = 2147483639
    modCount = 1
    MAX_ARRAY_SIZE = 2147483639
  _currentFilterIndex = 1
  _numberOfFilters = 1
  requestProcessor = class com.ibm.ws.webcontainer.osgi.extension.DefaultExtensionProcessor@5250266b
    PARAM_DEFAULT_PAGE = "default.page"
    PARAM_BUFFER_SIZE = "bufferSize"
    WEB_INF_DIR = "WEB-INF/"
    META_INF_DIR = "META-INF/"
    nls = class com.ibm.ejs.ras.TraceNLS@34343f71
      resolver = class com.ibm.ws.logging.internal.TraceNLSResolver@aa2a3209
      finder = class com.ibm.ws.logging.internal.StackFinder@de2292da
      ivBundleName = "com.ibm.ws.webcontainer.resources.Messages"
      caller = class java.lang.Class@7d180b12
    logger = class com.ibm.ws.logging.internal.WsLogger@ade6b3c
      ivCachedResourceBundleName = null
      ivCachedResourceBundle = null
      ivComponent = null
      ivOrganization = null
      ivProduct = null
      ivMinimumLocalizationLevelIntValue = 625
      ivTC = class com.ibm.websphere.ras.TraceComponent@4fc327ef
      loggerRegistrationComponent = class java.lang.ThreadLocal@15eeb6a4
      emptyHandlers = class java.util.logging.Handler[0]
      offValue = 2147483647
      SYSTEM_LOGGER_RB_NAME = "sun.util.logging.resources.logging"
      SYSTEM_BUNDLE = class java.util.logging.Logger$LoggerBundle@661d1b57
      NO_RESOURCE_BUNDLE = class java.util.logging.Logger$LoggerBundle@e4d2c284
      manager = class com.ibm.ws.kernel.boot.logging.WsLogManager@aef0d5b0
      name = "com.ibm.ws.webcontainer.extension"
      handlers = class java.util.concurrent.CopyOnWriteArrayList@78ca72e0
      loggerBundle = class java.util.logging.Logger$LoggerBundle@6095e55d
      useParentHandlers = true
      filter = null
      anonymous = false
      catalog = class com.ibm.ws.webcontainer.resources.Messages@5a9343b3
      catalogName = "com.ibm.ws.webcontainer.resources.Messages"
      catalogLocale = class java.util.Locale@3a96bd6f
      treeLock = class java.lang.Object@6aec3b84
      parent = class com.ibm.ws.logging.internal.WsLogger@32eadb2b
      kids = null
      levelObject = class java.util.logging.Level@f52eae0b
      levelValue = 800
      callersClassLoaderRef = class java.lang.ref.WeakReference@305723c
      isSystemLogger = false
      GLOBAL_LOGGER_NAME = "global"
      global = class java.util.logging.Logger@793d5d74
      $assertionsDisabled = true
    CLASS_NAME = "com.ibm.ws.webcontainer.extension.DefaultExtensionProcessor"
    defaultBufferSize = 4096
    esiControl = "max-age=300,cacheid="URL",content="ESI/1.0+""
    extendedDocumentRoot = null
    preFragmentExtendedDocumentRoot = null
    DEFAULT_MAPPING = "/*"
    patternList = class java.util.ArrayList@a1d0cde4
      serialVersionUID = 8683452581122892189
      DEFAULT_CAPACITY = 10
      EMPTY_ELEMENTDATA = class java.lang.Object[0]
      DEFAULTCAPACITY_EMPTY_ELEMENTDATA = class java.lang.Object[0]
      elementData = class java.lang.Object[10]
      size = 1
      MAX_ARRAY_SIZE = 2147483639
      modCount = 1
      MAX_ARRAY_SIZE = 2147483639
    optimizeFileServingSizeGlobal = -1
    optimizeFileServingSize = -1
    useOriginalRequestState = false
    handlingRequestWithOverridenPath = false
    DEFAULT_DENY_EXTENSIONS = class java.util.ArrayList@efc2a8cc
      serialVersionUID = 8683452581122892189
      DEFAULT_CAPACITY = 10
      EMPTY_ELEMENTDATA = class java.lang.Object[0]
      DEFAULTCAPACITY_EMPTY_ELEMENTDATA = class java.lang.Object[0]
      elementData = class java.lang.Object[10]
      size = 4
      MAX_ARRAY_SIZE = 2147483639
      modCount = 4
      MAX_ARRAY_SIZE = 2147483639
    denyPatterns = class com.ibm.wsspi.webcontainer40.util.URIMatcher40@585430c9
      logger = class com.ibm.ws.logging.internal.WsLogger@d35e11cd
      CLASS_NAME = "com.ibm.wsspi.webcontainer40.util.URIMatcher40"
      logger = class com.ibm.ws.logging.internal.WsLogger@df88f574
      CLASS_NAME = "com.ibm.wsspi.webcontainer.util.URIMatcher"
      SERVLET_PATH_FOR_DEFAULT_MAPPING = true
      root = class com.ibm.ws.webcontainer.util.ClauseNode@81444ef8
      extensions = class java.util.HashMap@3c12d93b
      starString = "*"
      defaultNode = null
      range = 91
    redirectToWelcomeFile = false
    cmd = null
    platformHelper = class com.ibm.ws.webcontainer.PlatformHelper@2f064018
    params = class java.util.HashMap@7d0c0b70
      serialVersionUID = 362498820763181265
      DEFAULT_INITIAL_CAPACITY = 16
      MAXIMUM_CAPACITY = 1073741824
      DEFAULT_LOAD_FACTOR = 0.75
      TREEIFY_THRESHOLD = 8
      UNTREEIFY_THRESHOLD = 6
      MIN_TREEIFY_CAPACITY = 64
      table = null
      entrySet = null
      size = 0
      modCount = 0
      threshold = 0
      loadFactor = 0.75
      keySet = null
      values = null
    welcomeFileList = class java.util.ArrayList@a286c922
      serialVersionUID = 8683452581122892189
      DEFAULT_CAPACITY = 10
      EMPTY_ELEMENTDATA = class java.lang.Object[0]
      DEFAULTCAPACITY_EMPTY_ELEMENTDATA = class java.lang.Object[0]
      elementData = class java.lang.Object[10]
      size = 1
      MAX_ARRAY_SIZE = 2147483639
      modCount = 1
      MAX_ARRAY_SIZE = 2147483639
    _webapp = class com.ibm.ws.webcontainer40.osgi.webapp.WebApp40@bf28de47
    collabHelper = class com.ibm.ws.webcontainer.osgi.collaborator.CollaboratorHelperImpl@b97c45f4
      webAppInvCollabs = class java.util.Collections$UnmodifiableSet@15113ecc
      securityDomainForApp = null
      logger = class com.ibm.ws.logging.internal.WsLogger@8a132b48
      staticDefaultSecurityCollaborator = class com.ibm.ws.webcontainer.collaborator.WebAppSecurityCollaborator@1053039b
      logger = class com.ibm.ws.logging.internal.WsLogger@aee51609
      CLASS_NAME = "com.ibm.wsspi.webcontainer.collaborator.CollaboratorHelper"
      webApp = class com.ibm.ws.webcontainer40.osgi.webapp.WebApp40@bf28de47
      securityCollaborator = class com.ibm.ws.webcontainer.security.WebAppSecurityCollaboratorImpl@6d975540
      nameSpaceCollaborator = class com.ibm.ws.webcontainer.osgi.collaborator.WebAppNameSpaceCollaboratorImpl@46afddc8
      transactionCollaborator = class com.ibm.ws.transaction.services.WebAppTransactionCollaboratorImpl@c48906ed
      connectionCollaborator = class com.ibm.ws.webcontainer.collaborator.ConnectionHandleCollaborator@460ef1ab
      allCollabEnum = class java.util.RegularEnumSet@85a6b5de
      servlet_23_or_greater = true
      DEFER_SERVLET_REQUEST_LISTENER_DESTROY_ON_ERROR = false
    webAppNameSpaceCollab = class com.ibm.ws.webcontainer.osgi.collaborator.WebAppNameSpaceCollaboratorImpl@46afddc8
      cmdai = class com.ibm.ws.threadContext.ComponentMetaDataAccessorImpl@6cb5c8cf
    secCollab = class com.ibm.ws.webcontainer.security.WebAppSecurityCollaboratorImpl@6d975540
      tc = class com.ibm.websphere.ras.TraceComponent@19d5e84
      KEY_ID = "id"
      KEY_SERVICE_ID = "service.id"
      KEY_COMPONENT_NAME = "component.name"
      KEY_SECURITY_SERVICE = "securityService"
      KEY_SSO_SERVICE = "ssoAuthFilter"
      KEY_TAI_SERVICE = "taiService"
      KEY_INTERCEPTOR_SERVICE = "interceptorService"
      KEY_JACC_SERVICE = "jaccService"
      JASPI_SERVICE_COMPONENT_NAME = "com.ibm.ws.security.jaspi"
      KEY_WEB_AUTHENTICATOR = "webAuthenticator"
      KEY_UNPROTECTED_RESOURCE_SERVICE = "unprotectedResourceService"
      KEY_CONFIG_CHANGE_LISTENER = "webAppSecurityConfigChangeListener"
      DELEGATION_USERS_LIST = "DELEGATION_USERS_LIST"
      webAuthenticatorRef = class com.ibm.wsspi.kernel.service.utils.ConcurrentServiceReferenceMap@c997aa8c
      unprotectedResourceServiceRef = class com.ibm.wsspi.kernel.service.utils.ConcurrentServiceReferenceMap@99143506
      ssoAuthFilterRef = class com.ibm.wsspi.kernel.service.utils.AtomicServiceReference@383f5af6
      taiServiceRef = class com.ibm.wsspi.kernel.service.utils.AtomicServiceReference@cf1ca5b9
      interceptorServiceRef = class com.ibm.wsspi.kernel.service.utils.ConcurrentServiceReferenceMap@bb8fc634
      securityServiceRef = class com.ibm.wsspi.kernel.service.utils.AtomicServiceReference@24ef1f97
      jaccServiceRef = class com.ibm.wsspi.kernel.service.utils.AtomicServiceReference@7b35236
      webAppSecurityConfigchangeListenerRef = class com.ibm.wsspi.kernel.service.utils.ConcurrentServiceReferenceSet@5854960e
      KEY_LOCATION_ADMIN = "locationAdmin"
      locationAdminRef = class com.ibm.wsspi.kernel.service.utils.AtomicServiceReference@f939e645
      PERMIT_REPLY = class com.ibm.ws.webcontainer.security.internal.PermitReply@a149785e
      DENY_AUTHZ_FAILED = class com.ibm.ws.webcontainer.security.internal.DenyReply@8c1732d
      AUTH_TYPE = "AUTH_TYPE"
      SECURITY_CONTEXT = "SECURITY_CONTEXT"
      ALL_AUTHENTICATED_ROLE = "**"
      STARSTAR_ROLE = "_starstar_"
      globalConfig = class com.ibm.ws.webcontainer.security.internal.WebAppSecurityConfigImpl@3bf5f724
      globalWebAuthenticatorFactory = class com.ibm.ws.webcontainer.security.internal.WebAuthenticatorFactoryImpl@2dad4937
      currentProps = class java.util.HashMap@409068d3
      authenticatorFactory = class com.ibm.ws.webcontainer.security.internal.WebAuthenticatorFactoryImpl@2dad4937
      webAppSecConfig = class com.ibm.ws.webcontainer.security.internal.WebAppSecurityConfigImpl@3bf5f724
      authenticateApi = class com.ibm.ws.webcontainer.security.AuthenticateApi@474f5c32
      postParameterHelper = class com.ibm.ws.webcontainer.security.PostParameterHelper@a2b789fa
      collabUtils = class com.ibm.ws.security.collaborator.CollaboratorUtils@4cacc2f0
      subjectHelper = class com.ibm.ws.security.authentication.utility.SubjectHelper@5a10350b
      subjectManager = class com.ibm.ws.security.context.SubjectManager@23b26fb4
      httpsRedirectHandler = class com.ibm.ws.webcontainer.security.internal.HTTPSRedirectHandler@d9687091
      auditManager = class com.ibm.websphere.security.audit.context.AuditManager@10db01f8
      authenticatorProxy = class com.ibm.ws.webcontainer.security.WebAuthenticatorProxy@cfbe2fad
      providerAuthenticatorProxy = class com.ibm.ws.webcontainer.security.WebProviderAuthenticatorProxy@c2578ae7
      unauthenticatedSubjectService = class com.ibm.ws.security.authentication.internal.UnauthenticatedSubjectServiceImpl@d0b986b3
      wasch = class com.ibm.ws.webcontainer.security.WebAppSecurityCollaboratorImpl@6d975540
      provisionerService = class com.ibm.ws.kernel.feature.internal.FeatureManager@9430ddeb
      isJaspiEnabled = false
      savedSubject = null
      isActive = true
      serialVersionUID = 3862192796109268241
    exposeWebInfOnDispatch = false
    extensionContext = class com.ibm.ws.webcontainer40.osgi.webapp.WebApp40@bf28de47
  _filtersDefined = true
  logger = class com.ibm.ws.logging.internal.WsLogger@d016f26b
    ivCachedResourceBundleName = null
    ivCachedResourceBundle = null
    ivComponent = null
    ivOrganization = null
    ivProduct = null
    ivMinimumLocalizationLevelIntValue = 625
    ivTC = class com.ibm.websphere.ras.TraceComponent@9b3f5d56
      strings[0] = "TraceComponent[com.ibm.ws.webcontainer.filter,class com.ibm.wsspi.webcontainer.logging.LoggerFactory$1,[com.ibm.ws.webcontainer.filter],null,null]"
    loggerRegistrationComponent = class java.lang.ThreadLocal@15eeb6a4
      threadLocalHashCode = -739633145
      nextHashCode = class java.util.concurrent.atomic.AtomicInteger@cb72530a
      HASH_INCREMENT = 1640531527
    emptyHandlers = class java.util.logging.Handler[0]
    offValue = 2147483647
    SYSTEM_LOGGER_RB_NAME = "sun.util.logging.resources.logging"
    SYSTEM_BUNDLE = class java.util.logging.Logger$LoggerBundle@661d1b57
      resourceBundleName = "sun.util.logging.resources.logging"
      userBundle = null
    NO_RESOURCE_BUNDLE = class java.util.logging.Logger$LoggerBundle@e4d2c284
      resourceBundleName = null
      userBundle = null
    manager = class com.ibm.ws.kernel.boot.logging.WsLogManager@aef0d5b0
      CONFIGURE_BY_SERVER_PROPERTY_NAME = "java.util.logging.configureByServer"
      CONFIGURE_BY_LOGGING_PROPERTIES_FILE = "java.util.logging.configureByLoggingPropertiesFile"
      configureByServer = true
      configureByLoggingProperties = false
      wsLogger = class java.lang.reflect.Constructor@ec1a71eb
      resetEnabled = true
      svBinaryLoggingEnable = false
      manager = class com.ibm.ws.kernel.boot.logging.WsLogManager@aef0d5b0
      props = class java.util.Properties@ebe5cf57
      defaultLevel = class java.util.logging.Level@f52eae0b
      listenerMap = class java.util.HashMap@810632f1
      systemContext = class java.util.logging.LogManager$SystemLoggerContext@46803804
      userContext = class java.util.logging.LogManager$LoggerContext@f43da430
      rootLogger = class java.util.logging.LogManager$RootLogger@95823603
      readPrimordialConfiguration = true
      initializedGlobalHandlers = true
      deathImminent = false
      initializedCalled = true
      initializationDone = true
      contextsMap = null
      loggerRefQueue = class java.lang.ref.ReferenceQueue@80030666
      MAX_ITERATIONS = 400
      controlPermission = class java.util.logging.LoggingPermission@baeaf0b
      loggingMXBean = null
      LOGGING_MXBEAN_NAME = "java.util.logging:type=Logging"
      $assertionsDisabled = true
    name = "com.ibm.ws.webcontainer.filter"
    handlers = class java.util.concurrent.CopyOnWriteArrayList@7dfdebb6
      serialVersionUID = 8673264195747942595
      lock = class java.util.concurrent.locks.ReentrantLock@18d0ab6c
      array = class java.lang.Object[0]
      UNSAFE = class sun.misc.Unsafe@eb80bb8d
      lockOffset = 8
    loggerBundle = class java.util.logging.Logger$LoggerBundle@3c887390
      resourceBundleName = "com.ibm.ws.webcontainer.resources.Messages"
      userBundle = null
    useParentHandlers = true
    filter = null
    anonymous = false
    catalog = class com.ibm.ws.webcontainer.resources.Messages@5a9343b3
      resources = class [Ljava.lang.Object;[344]
      lookup = class java.util.HashMap@83c6afff
      INITIAL_CACHE_SIZE = 32
      NONEXISTENT_BUNDLE = class java.util.ResourceBundle$1@27194dc3
      cacheList = class java.util.concurrent.ConcurrentHashMap@a1babeb0
      referenceQueue = class java.lang.ref.ReferenceQueue@251cb468
      parent = null
      locale = class java.util.Locale@60855c64
      name = "com.ibm.ws.webcontainer.resources.Messages"
      expired = false
      cacheKey = class java.util.ResourceBundle$CacheKey@1e42116c
      keySet = null
      providers = null
      vo = class java.lang.Object@5fdada1d
      $assertionsDisabled = true
    catalogName = "com.ibm.ws.webcontainer.resources.Messages"
    catalogLocale = class java.util.Locale@3a96bd6f
      LOCALECACHE = class java.util.Locale$Cache@3ed2d8a9
      ENGLISH = class java.util.Locale@314ec469
      FRENCH = class java.util.Locale@ba64b694
      GERMAN = class java.util.Locale@a4a8be9b
      ITALIAN = class java.util.Locale@a3a620f8
      JAPANESE = class java.util.Locale@36c90268
      KOREAN = class java.util.Locale@48a2242d
      CHINESE = class java.util.Locale@f1481e39
      SIMPLIFIED_CHINESE = class java.util.Locale@9b5a63d4
      TRADITIONAL_CHINESE = class java.util.Locale@ccbea516
      FRANCE = class java.util.Locale@986f29f1
      GERMANY = class java.util.Locale@b0c27a65
      ITALY = class java.util.Locale@b99dfc49
      JAPAN = class java.util.Locale@69b26e95
      KOREA = class java.util.Locale@4908a11e
      CHINA = class java.util.Locale@9b5a63d4
      PRC = class java.util.Locale@9b5a63d4
      TAIWAN = class java.util.Locale@ccbea516
      UK = class java.util.Locale@c84a79a6
      US = class java.util.Locale@3a96bd6f
      CANADA = class java.util.Locale@9f389244
      CANADA_FRENCH = class java.util.Locale@2c0d100a
      ROOT = class java.util.Locale@60855c64
      PRIVATE_USE_EXTENSION = x
      UNICODE_LOCALE_EXTENSION = u
      serialVersionUID = 9149081749638150636
      DISPLAY_LANGUAGE = 0
      DISPLAY_COUNTRY = 1
      DISPLAY_VARIANT = 2
      DISPLAY_SCRIPT = 3
      baseLocale = class sun.util.locale.BaseLocale@11f64174
      localeExtensions = null
      hashCodeValue = 96636889
      defaultLocale = class java.util.Locale@3a96bd6f
      defaultDisplayLocale = null
      defaultFormatLocale = class java.util.Locale@3a96bd6f
      languageTag = "en-US"
      serialPersistentFields = class java.io.ObjectStreamField[6]
      isoLanguages = null
      isoCountries = null
      $assertionsDisabled = true
    treeLock = class java.lang.Object@6aec3b84
    parent = class com.ibm.ws.logging.internal.WsLogger@32eadb2b
      ivCachedResourceBundleName = "com.ibm.ws.webcontainer.resources.Messages"
      ivCachedResourceBundle = class com.ibm.ws.webcontainer.resources.Messages@5a9343b3
      ivComponent = null
      ivOrganization = null
      ivProduct = null
      ivMinimumLocalizationLevelIntValue = 625
      ivTC = class com.ibm.websphere.ras.TraceComponent@8a688c60
      loggerRegistrationComponent = class java.lang.ThreadLocal@15eeb6a4
      emptyHandlers = class java.util.logging.Handler[0]
      offValue = 2147483647
      SYSTEM_LOGGER_RB_NAME = "sun.util.logging.resources.logging"
      SYSTEM_BUNDLE = class java.util.logging.Logger$LoggerBundle@661d1b57
      NO_RESOURCE_BUNDLE = class java.util.logging.Logger$LoggerBundle@e4d2c284
      manager = class com.ibm.ws.kernel.boot.logging.WsLogManager@aef0d5b0
      name = "com.ibm.ws.webcontainer"
      handlers = class java.util.concurrent.CopyOnWriteArrayList@f633fc66
      loggerBundle = class java.util.logging.Logger$LoggerBundle@c279755e
      useParentHandlers = true
      filter = null
      anonymous = false
      catalog = class com.ibm.ws.webcontainer.resources.Messages@5a9343b3
      catalogName = "com.ibm.ws.webcontainer.resources.Messages"
      catalogLocale = class java.util.Locale@3a96bd6f
      treeLock = class java.lang.Object@6aec3b84
      parent = class java.util.logging.Logger@6ae134b7
      kids = class java.util.ArrayList@9fc2b70b
      levelObject = class java.util.logging.Level@f52eae0b
      levelValue = 800
      callersClassLoaderRef = class java.lang.ref.WeakReference@b7ff373c
      isSystemLogger = false
      GLOBAL_LOGGER_NAME = "global"
      global = class java.util.logging.Logger@793d5d74
      $assertionsDisabled = true
    kids = null
    levelObject = class java.util.logging.Level@f52eae0b
      defaultBundle = "sun.util.logging.resources.logging"
      name = "INFO"
      value = 800
      resourceBundleName = "sun.util.logging.resources.logging"
      localizedLevelName = "INFO"
      cachedLocale = class java.util.Locale@3a96bd6f
      OFF = class java.util.logging.Level@a11e19c6
      SEVERE = class java.util.logging.Level@651adace
      WARNING = class java.util.logging.Level@6e526366
      INFO = class java.util.logging.Level@f52eae0b
      CONFIG = class java.util.logging.Level@e114903f
      FINE = class java.util.logging.Level@a0c91153
      FINER = class java.util.logging.Level@6c0ea8a8
      FINEST = class java.util.logging.Level@2a81d69e
      ALL = class java.util.logging.Level@d5fb417
      serialVersionUID = -8176160795706313070
    levelValue = 800
    callersClassLoaderRef = class java.lang.ref.WeakReference@ebfbd695
      STATE_INITIAL = 0
      STATE_CLEARED = 1
      STATE_ENQUEUED = 2
      referent = class org.eclipse.osgi.internal.loader.EquinoxClassLoader@3d2f66ca
      queue = null
      state = 0
    isSystemLogger = false
    GLOBAL_LOGGER_NAME = "global"
    global = class java.util.logging.Logger@793d5d74
      emptyHandlers = class java.util.logging.Handler[0]
      offValue = 2147483647
      SYSTEM_LOGGER_RB_NAME = "sun.util.logging.resources.logging"
      SYSTEM_BUNDLE = class java.util.logging.Logger$LoggerBundle@661d1b57
      NO_RESOURCE_BUNDLE = class java.util.logging.Logger$LoggerBundle@e4d2c284
      manager = class com.ibm.ws.kernel.boot.logging.WsLogManager@aef0d5b0
      name = "global"
      handlers = class java.util.concurrent.CopyOnWriteArrayList@d2367871
      loggerBundle = class java.util.logging.Logger$LoggerBundle@e4d2c284
      useParentHandlers = true
      filter = null
      anonymous = false
      catalog = null
      catalogName = null
      catalogLocale = null
      treeLock = class java.lang.Object@6aec3b84
      parent = class java.util.logging.LogManager$RootLogger@95823603
      kids = null
      levelObject = null
      levelValue = 800
      callersClassLoaderRef = null
      isSystemLogger = true
      GLOBAL_LOGGER_NAME = "global"
      global = class java.util.logging.Logger@793d5d74
      $assertionsDisabled = true
    $assertionsDisabled = true
  CLASS_NAME = "com.ibm.ws.webcontainer.filter.WebAppFilterChain"
  webapp = class com.ibm.ws.webcontainer40.osgi.webapp.WebApp40@bf28de47
    tc = class com.ibm.websphere.ras.TraceComponent@f4960605
      strings[0] = "TraceComponent[com.ibm.ws.webcontainer40.osgi.webapp.WebApp40,class com.ibm.ws.webcontainer40.osgi.webapp.WebApp40,[webcontainer],com.ibm.ws.webcontainer31.resources.Messages,null]"
    servlet40NLS = class com.ibm.ejs.ras.TraceNLS@7722baf6
      resolver = class com.ibm.ws.logging.internal.TraceNLSResolver@aa2a3209
      finder = class com.ibm.ws.logging.internal.StackFinder@de2292da
      ivBundleName = "com.ibm.ws.webcontainer40.resources.Messages"
      caller = class java.lang.Class@d2c804b5
    CLASS_NAME = "com.ibm.ws.webcontainer40.osgi.webapp.WebApp40"
    defaultSessionTimeout = 30
    tc = class com.ibm.websphere.ras.TraceComponent@48ac1cbc
      strings[0] = "TraceComponent[com.ibm.ws.webcontainer31.osgi.webapp.WebApp31,class com.ibm.ws.webcontainer31.osgi.webapp.WebApp31,[webcontainer],com.ibm.ws.webcontainer31.resources.Messages,null]"
    CLASS_NAME = "com.ibm.ws.webcontainer31.osgi.webapp.WebApp31"
    servlet31NLS = class com.ibm.ejs.ras.TraceNLS@bff1cd20
      resolver = class com.ibm.ws.logging.internal.TraceNLSResolver@aa2a3209
      finder = class com.ibm.ws.logging.internal.StackFinder@de2292da
      ivBundleName = "com.ibm.ws.webcontainer31.resources.Messages"
      caller = class java.lang.Class@e68d27e5
    validListenerClasses = class java.lang.Class[7]
      Class[0] = class java.lang.Class@ce14fe7e
      Class[1] = class java.lang.Class@f07922e6
      Class[2] = class java.lang.Class@5bbcf2bd
      Class[3] = class java.lang.Class@bedc2d57
      Class[4] = class java.lang.Class@f3323de1
      Class[5] = class java.lang.Class@5f14763e
      Class[6] = class java.lang.Class@75b9bc59
    wsocServHandler = null
    tc = class com.ibm.websphere.ras.TraceComponent@570f134d
      strings[0] = "TraceComponent[com.ibm.ws.webcontainer.osgi.webapp.WebApp,class com.ibm.ws.webcontainer.osgi.webapp.WebApp,[webcontainer],com.ibm.ws.webcontainer.resources.LShimMessages,null]"
    CLASS_NAME = "com.ibm.ws.webcontainer.osgi.webapp.WebApp"
    metaDataService = class com.ibm.ws.container.service.metadata.internal.MetaDataServiceImpl@cdc7b803
      applicationMetaDataManager = class com.ibm.ws.container.service.metadata.internal.ApplicationMetaDataManager@c81caed5
      moduleMetaDataManager = class com.ibm.ws.container.service.metadata.internal.ModuleMetaDataManager@e17ae88c
      componentMetaDataManager = class com.ibm.ws.container.service.metadata.internal.ComponentMetaDataManager@40be1220
      methodMetaDataManager = class com.ibm.ws.container.service.metadata.internal.MethodMetaDataManager@175bf956
      appModuleNameToModuleContainer = class java.util.concurrent.ConcurrentHashMap@d04b0a41
      jeeNameToComponentMetaData = class java.util.concurrent.ConcurrentHashMap@6f83a6e4
      deferredMetaDataFactories = class com.ibm.wsspi.kernel.service.utils.ConcurrentServiceReferenceSet@9098deda
      deferredMetaDataInitializers = class com.ibm.wsspi.kernel.service.utils.ConcurrentServiceReferenceMap@c3e00620
      serialVersionUID = -2494605732980966097
      $$$tc$$$ = class com.ibm.websphere.ras.TraceComponent@809c300d
    namespacePopulated = false
    referenceContext = class com.ibm.ws.injectionengine.osgi.internal.OSGiReferenceContextImpl@fedbe7e1
      scopeData = class com.ibm.ws.injectionengine.osgi.internal.OSGiInjectionScopeData@f2281f1e
      serialVersionUID = 521511923892134915
      $$$tc$$$ = class com.ibm.websphere.ras.TraceComponent@c06321a2
      CLASS_NAME = "com.ibm.ws.injectionengine.ReferenceContextImpl"
      tc = class com.ibm.websphere.ras.TraceComponent@9bdd9379
      ivInjectionEngine = class com.ibm.ws.injectionengine.osgi.internal.OSGiInjectionEngineImpl@4db5a561
      ivProviders = class java.util.ArrayList@c529f221
      ivComponentJavaContext = null
      ivComponentNameSpace = null
      ivJavaColonCompEnvMap = class java.util.LinkedHashMap@ea8072aa
      ivEjbContext10 = class java.util.Properties@465c5265
      ivResourceRefConfigList = null
      isAlreadyProcessed = true
      ivProcessFailure = null
      ivInjectionTargetMap = class java.util.concurrent.ConcurrentHashMap@4da919a6
      svInjTarMapCacheSize = 256
      ivDeclaredInjectionTargets = class java.util.HashMap@354a9905
      ivProcessedInjectionClasses = class java.util.HashSet@27c7979d
      svInjClassMapCacheSize = 512
      ivProcessedInjectionBindings = class java.util.LinkedHashSet@d8c76629
      ivAnyProcessDynamic = true
      ivCheckAppConfig = false
    j2eeNameFactory = class com.ibm.ws.container.service.metadata.internal.J2EENameFactoryImpl@9cf0f46c
      serialVersionUID = 3486344295038028821
      $$$tc$$$ = class com.ibm.websphere.ras.TraceComponent@2daa0d7
    moduleLoader = class com.ibm.ws.classloading.internal.AppClassLoader@92f0572f
      tc = class com.ibm.websphere.ras.TraceComponent@f9c6f377
      forbiddenClassNames = class java.util.Collections$UnmodifiableSet@44a96a2c
      FORBIDDEN_PROPERTIES = "forbidden.properties"
      disableSharedClassesCache = false
      PARENT_FIRST_SEARCH_ORDER = class java.util.Collections$UnmodifiableRandomAccessList@43ed86f9
      packagesDefined = class java.util.Collections$SetFromMap@c560876f
      CLASS_LOADING_TRACE_PREFIX = "com.ibm.ws.class.load."
      DEFAULT_PACKAGE = "default.package"
      perPackageClassLoadingTraceComponents = class java.util.concurrent.ConcurrentHashMap@f6af8ef4
      config = class com.ibm.ws.classloading.internal.ClassLoaderConfigurationImpl@99179313
      privateLibraries = null
      delegateLoaders = class com.ibm.ws.classloading.internal.util.CompositeIterable@991af5df
      nativeLibraryFiles = class java.util.ArrayList@64b99dd7
      transformers = class java.util.ArrayList@6ef4feb3
      systemTransformers = class java.util.Collections$EmptyList@5fa7f1bc
      apiAccess = class com.ibm.ws.classloading.internal.GatewayClassLoader@2e686b0a
      generator = class com.ibm.ws.classloading.internal.ClassGeneratorManager@31dd17b0
      protectionDomains = class java.util.concurrent.ConcurrentHashMap@991382fc
      hook = class com.ibm.ws.kernel.boot.classloader.SharedClassCacheHook@2756ccf6
      serialVersionUID = 9086765173324157410
      checkpointPhase = class io.openliberty.checkpoint.spi.CheckpointPhase@29f684d
      tc = class com.ibm.websphere.ras.TraceComponent@bbb62b66
      smartClassPath = class com.ibm.ws.classloading.internal.ContainerClassLoader$SmartClassPathImpl@35b16e3d
      nativeLibraryContainers = class java.util.ArrayList@8539d89c
      redefiner = class com.ibm.ws.classloading.internal.util.ClassRedefiner@afed3f90
      jarProtocol = "wsjar:"
      mapCreationQueue = class java.util.concurrent.Executors$FinalizableDelegatedExecutorService@2874afc4
      serialVersionUID = 251246017270836472
      parent = class com.ibm.ws.classloading.internal.GatewayClassLoader@2e686b0a
      serialVersionUID = -5610156362562585411
      $$$tc$$$ = class com.ibm.websphere.ras.TraceComponent@52471b48
      initialized = true
      pdcache = class java.util.HashMap@6c1364d2
      debug = null
      defaultCodeSource = class java.security.CodeSource@e1725399
      bootstrapClassLoader = class com.ibm.oti.vm.BootstrapClassLoader@39df81ba
      DELEGATING_CL = "sun.reflect.DelegatingClassLoader"
      isDelegatingCL = false
      applicationClassLoader = class sun.misc.Launcher$AppClassLoader@427350db
      initSystemClassLoader = false
      isAssertOptionFound = false
      vmRef = 140505962892488
      parent = class com.ibm.ws.classloading.internal.GatewayClassLoader@2e686b0a
      checkAssertionOptions = false
      assertionLock = class java.lang.ClassLoader$AssertionLock@7391440b
      defaultAssertionStatus = false
      packageAssertionStatus = null
      classAssertionStatus = null
      packages = class java.util.Hashtable@770b61da
      lazyInitLock = class java.lang.ClassLoader$LazyInitLock@3ce8358c
      classSigners = null
      packageSigners = class java.util.Hashtable@b96a4230
      emptyCertificates = class java.security.cert.Certificate[0]
      defaultProtectionDomain = null
      parallelCapableCollection = class java.util.Collections$SynchronizedMap@e562b11a
      classNameBasedLock = class java.util.Hashtable@a9ef266f
      isParallelCapable = true
      EMPTY_PACKAGE_ARRAY = class java.lang.Package[0]
      methodTypeFromMethodDescriptorStringCache = null
      allowArraySyntax = false
      lazyClassLoaderInit = true
      specialLoaderInited = true
      internalAnonClassLoader = class java.lang.InternalAnonymousClassLoader@2da1f621
    webAppConfig = class com.ibm.ws.webcontainer.osgi.webapp.WebAppConfiguration@c6162dc5
      webModuleMetaData = class com.ibm.ws.webcontainer.osgi.metadata.WebModuleMetaDataImpl@add7a8
      webComponentMetaData = class com.ibm.ws.webcontainer.osgi.metadata.WebComponentMetaDataImpl@65a73f06
      dVirtualHost = class com.ibm.ws.webcontainer.osgi.DynamicVirtualHost@89d0af61
      orderedLibPaths = class java.util.Collections$UnmodifiableRandomAccessList@4efda96a
      bundleHeaders = null
      cdiEnabled = false
      CLASS_NAME = "com.ibm.ws.webcontainer.webapp.WebAppConfiguration"
      logger = class com.ibm.ws.logging.internal.WsLogger@615f8f7f
      tc = class com.ibm.websphere.ras.TraceComponent@5e8d5b51
      nls = class com.ibm.ejs.ras.TraceNLS@a94e9b3c
      version = 31
      contextRoot = "/zosConnect/designer"
      isDefaultContextRootUsed = false
      sessionTimeout = 0
      moduleSessionTimeoutSet = false
      moduleSessionTrackingModeSet = false
      sessionCookieConfig = class com.ibm.ws.session.SessionCookieConfigImpl@4a3cc223
      hasProgrammaticCookieConfig = false
      sessionDefaultTrackingModeSet = class java.util.RegularEnumSet@58988b2b
      sessionManagerConfig = class com.ibm.ws.session.SessionManagerConfig@11ee09ad
      displayName = "z/OS Connect Designer"
      description = null
      reloadInterval = 0
      distributable = false
      denyUncoveredHttpMethods = false
      reloadingEnabled = false
      serveServletsByClassnameEnabled = false
      defaultErrorPage = null
      additionalClassPath = null
      fileServingEnabled = null
      directoryBrowsingEnabled = false
      autoRequestEncoding = false
      autoResponseEncoding = false
      autoLoadFilters = false
      requestListeners = null
      requestAttributeListeners = null
      sessionListeners = null
      localeMap = null
      moduleName = "com.ibm.zosconnect.ui"
      j2eeModuleName = "com.ibm.zosconnect.ui.war"
      moduleId = null
      isSyncToThreadEnabled = false
      encodeDispatchedRequestURI = false
      isSystemApp = false
      ardEnabled = false
      ardDispatchType = null
      listeners = class java.util.ArrayList@cf122a36
      welcomeFileList = class java.util.ArrayList@a286c922
      servletMappings = class java.util.HashMap@f39ca017
      lastIndexBeforeDeclaredFilters = 0
      filterMappings = class java.util.ArrayList@f3e7c445
      servletInfo = class java.util.concurrent.ConcurrentHashMap@7b203c0e
      filterInfo = class java.util.HashMap@384856b7
      mimeMappings = class java.util.HashMap@c9fbd48e
      mimeFilters = null
      isMimeFilteringEnabled = false
      theWebGroup = null
      jspAttributes = class java.util.HashMap@9fd2bef2
      fileServingAttributes = class java.util.HashMap@7d0c0b70
      invokerAttributes = class java.util.HashMap@c4b68e6
      contextParams = class java.util.HashMap@e5c1a233
      virtualHost = "default_host"
      exceptionErrorPages = class java.util.HashMap@45be079e
      codeErrorPages = class java.util.HashMap@5472ce47
      tagLibList = null
      precompileJsps = false
      webApp = class com.ibm.ws.webcontainer40.osgi.webapp.WebApp40@bf28de47
      virtualHostList = class java.util.Collections$EmptyList@5fa7f1bc
      appStartupWeight = 0
      moduleStartupWeight = 0
      metaDataComplete = false
      classesToScan = class java.util.ArrayList@2688e5b8
      uriFilterMappingInfos = class java.util.ArrayList@a134a8d4
      servletFilterMappingInfos = null
      dynamicServletRegistrationMap = null
      applicationName = "zosconnect-ui"
      libBinPathList = class java.util.ArrayList@17d1b8c4
      webXmlDefinedListeners = class java.util.HashSet@14efb7de
      allRefs = class java.util.EnumMap@d50e8931
      allRefBindings = class java.util.EnumMap@dd34408e
      envEntryValues = class java.util.HashMap@3900a56b
      resourceRefConfigList = null
      disallowAllFileServingProp = "false"
      disallowServeServletsByClassnameProp = "true"
      disableStaticMappingCache = false
      jspCachedLocations = class java.util.HashMap@25ddb77e
      primedSTSHeader = "NoValue"
      enablemultireadofpostdata = false
      requestEncoding = null
      responseEncoding = null
      NULLSERVLETNAME = "com.ibm.ws.webcontainer.NullServletName"
      skipEncodedCharVerification = false
      _id = "WebAppGeneratedId10"
      _attributes = null
      serialVersionUID = 7511545662945734886
      $$$tc$$$ = class com.ibm.websphere.ras.TraceComponent@eaac493d
    extensionProcessingDisabled = false
    managedObjectService = class com.ibm.ws.cdi.impl.managedobject.CDIManagedObjectService@fb6703f0
      defaultMOS = class com.ibm.ws.managedobject.internal.ManagedObjectServiceImpl@51352f7c
      cdiRuntime = class com.ibm.ws.cdi.liberty.CDIRuntimeImpl@99994502
      isActive = class java.util.concurrent.atomic.AtomicBoolean@cb30db8
      serialVersionUID = 5211943849551391960
      $$$tc$$$ = class com.ibm.websphere.ras.TraceComponent@d2cf1c57
    internalServletMetaData = interface com.ibm.wsspi.webcontainer.metadata.WebComponentMetaData[2]
      WebComponentMetaData[0] = null
      WebComponentMetaData[1] = null
    loginProcessor = null
    logoutProcessor = null
    collabHelper = class com.ibm.ws.webcontainer.osgi.collaborator.CollaboratorHelperImpl@b97c45f4
    envObject = class com.ibm.ws.util.WSThreadLocal@d05b601d
      tc = class com.ibm.ejs.ras.TraceComponent@bb86686b
      count = 10
      index = 4
      SUSPECTED_MISUSAGE_THRESHOLD = 200
      threadLocalHashCode = 1572636546
      nextHashCode = class java.util.concurrent.atomic.AtomicInteger@cb72530a
      HASH_INCREMENT = 1640531527
    orderedLibPaths = class java.util.Collections$UnmodifiableRandomAccessList@4efda96a
      serialVersionUID = -2542308836966382001
      serialVersionUID = -283967356065247728
      list = class java.util.ArrayList@cd0d6076
      serialVersionUID = 1820017752578914078
      c = class java.util.ArrayList@cd0d6076
    perm = class com.ibm.websphere.security.WebSphereRuntimePermission@c6688721
      serialVersionUID = -3306242789188168337
      $$$tc$$$ = class com.ibm.websphere.ras.TraceComponent@80a285be
      serialVersionUID = 6279438298436773498
      wildcard = false
      path = "accessServletContext"
      exitVM = false
      serialVersionUID = -5636570222231596674
      name = "accessServletContext"
    WELCOME_FILE_LIST = "com.ibm.ws.webcontainer.config.WelcomeFileList"
    DIR_BROWSING_MAPPING = "__dirBrowsing__1720020410423"
    FILTER_PROXY_MAPPING = "/__filterProxy__1720020410423"
    logger = class com.ibm.ws.logging.internal.WsLogger@615f8f7f
      ivCachedResourceBundleName = null
      ivCachedResourceBundle = null
      ivComponent = null
      ivOrganization = null
      ivProduct = null
      ivMinimumLocalizationLevelIntValue = 625
      ivTC = class com.ibm.websphere.ras.TraceComponent@ef3a32d0
      loggerRegistrationComponent = class java.lang.ThreadLocal@15eeb6a4
      emptyHandlers = class java.util.logging.Handler[0]
      offValue = 2147483647
      SYSTEM_LOGGER_RB_NAME = "sun.util.logging.resources.logging"
      SYSTEM_BUNDLE = class java.util.logging.Logger$LoggerBundle@661d1b57
      NO_RESOURCE_BUNDLE = class java.util.logging.Logger$LoggerBundle@e4d2c284
      manager = class com.ibm.ws.kernel.boot.logging.WsLogManager@aef0d5b0
      name = "com.ibm.ws.webcontainer.webapp"
      handlers = class java.util.concurrent.CopyOnWriteArrayList@acf6f87d
      loggerBundle = class java.util.logging.Logger$LoggerBundle@8633ce4c
      useParentHandlers = true
      filter = null
      anonymous = false
      catalog = class com.ibm.ws.webcontainer.resources.Messages@5a9343b3
      catalogName = "com.ibm.ws.webcontainer.resources.Messages"
      catalogLocale = class java.util.Locale@3a96bd6f
      treeLock = class java.lang.Object@6aec3b84
      parent = class com.ibm.ws.logging.internal.WsLogger@32eadb2b
      kids = null
      levelObject = class java.util.logging.Level@f52eae0b
      levelValue = 800
      callersClassLoaderRef = class java.lang.ref.WeakReference@266d264c
      isSystemLogger = false
      GLOBAL_LOGGER_NAME = "global"
      global = class java.util.logging.Logger@793d5d74
      $assertionsDisabled = true
    CLASS_NAME = "com.ibm.ws.webcontainer.webapp.WebApp"
    loader = class com.ibm.ws.classloading.internal.ThreadContextClassLoader@91e41f9e
      tc = class com.ibm.websphere.ras.TraceComponent@a4beec38
      bundle = class java.util.concurrent.atomic.AtomicReference@2434fb17
      key = "WebModule:zosconnect-ui#com.ibm.zosconnect.ui.war"
      refCount = class java.util.concurrent.atomic.AtomicInteger@603027c
      appLoader = class com.ibm.ws.classloading.internal.AppClassLoader@92f0572f
      clSvc = class com.ibm.ws.classloading.internal.ClassLoadingServiceImpl@f0b67d1
      serialVersionUID = 7417331337980111787
      tc = class com.ibm.websphere.ras.TraceComponent@1ca09af1
      followOnClassLoaders = class java.util.ArrayList@43a6ad59
      serialVersionUID = 4255658571728280816
      parent = class com.ibm.ws.classloading.internal.GatewayClassLoader@2e1c0b90
      serialVersionUID = -5610156362562585411
      $$$tc$$$ = class com.ibm.websphere.ras.TraceComponent@52471b48
      initialized = true
      pdcache = class java.util.HashMap@ecedbe5
      debug = null
      defaultCodeSource = class java.security.CodeSource@e1725399
      bootstrapClassLoader = class com.ibm.oti.vm.BootstrapClassLoader@39df81ba
      DELEGATING_CL = "sun.reflect.DelegatingClassLoader"
      isDelegatingCL = false
      applicationClassLoader = class sun.misc.Launcher$AppClassLoader@427350db
      initSystemClassLoader = false
      isAssertOptionFound = false
      vmRef = 140505962893304
      parent = class com.ibm.ws.classloading.internal.GatewayClassLoader@2e1c0b90
      checkAssertionOptions = false
      assertionLock = class java.lang.ClassLoader$AssertionLock@c1b9c6bd
      defaultAssertionStatus = false
      packageAssertionStatus = null
      classAssertionStatus = null
      packages = class java.util.Hashtable@990d00b6
      lazyInitLock = class java.lang.ClassLoader$LazyInitLock@4981785d
      classSigners = null
      packageSigners = null
      emptyCertificates = class java.security.cert.Certificate[0]
      defaultProtectionDomain = null
      parallelCapableCollection = class java.util.Collections$SynchronizedMap@e562b11a
      classNameBasedLock = class java.util.Hashtable@5e77f9f6
      isParallelCapable = true
      EMPTY_PACKAGE_ARRAY = class java.lang.Package[0]
      methodTypeFromMethodDescriptorStringCache = null
      allowArraySyntax = false
      lazyClassLoaderInit = true
      specialLoaderInited = true
      internalAnonClassLoader = class java.lang.InternalAnonymousClassLoader@2da1f621
    facade = class com.ibm.ws.webcontainer40.facade.ServletContextFacade40@cd7019a8
      context = class com.ibm.ws.webcontainer40.osgi.webapp.WebApp40@bf28de47
    features = class java.util.ArrayList@fd9f9162
      serialVersionUID = 8683452581122892189
      DEFAULT_CAPACITY = 10
      EMPTY_ELEMENTDATA = class java.lang.Object[0]
      DEFAULTCAPACITY_EMPTY_ELEMENTDATA = class java.lang.Object[0]
      elementData = class java.lang.Object[0]
      size = 0
      MAX_ARRAY_SIZE = 2147483639
      modCount = 0
      MAX_ARRAY_SIZE = 2147483639
    applicationName = "zosconnect-ui"
    config = class com.ibm.ws.webcontainer.osgi.webapp.WebAppConfiguration@c6162dc5
    securityEnabledForApp = true
    webExtensionProcessor = class com.ibm.ws.webcontainer.osgi.extension.WebExtensionProcessor@3b0cd702
      webApp = class com.ibm.ws.webcontainer40.osgi.webapp.WebApp40@bf28de47
      extensionContext = class com.ibm.ws.webcontainer40.osgi.webapp.WebApp40@bf28de47
    production = true
    isServlet23 = true
    contextPath = "/zosConnect/designer"
    internalServletList = class [Ljava.lang.String;[2]
      String[][0] = class java.lang.String[2]
      String[][1] = class java.lang.String[2]
    BY_NAME_ONLY = "/_1720020412112_/"
    filterManager = class com.ibm.ws.webcontainer.osgi.filter.WebAppFilterManagerImpl@db1122e6
      _filterWrappers = class java.util.concurrent.ConcurrentHashMap@b5ed57ad
      chainCache = class com.ibm.ws.webcontainer.filter.WebAppFilterManager$ChainCache@b0abef8f
      forwardChainCache = class com.ibm.ws.webcontainer.filter.WebAppFilterManager$ChainCache@d06b89c2
      includeChainCache = class com.ibm.ws.webcontainer.filter.WebAppFilterManager$ChainCache@7aa6abe3
      errorChainCache = class com.ibm.ws.webcontainer.filter.WebAppFilterManager$ChainCache@70891b2e
      chainCacheMRUThreshold = 10
      _filtersDefined = true
      FMI_MAPPING_SINGLE_SLASH = 0
      FMI_MAPPING_PATH_MATCH = 1
      FMI_MAPPING_EXTENSION_MATCH = 2
      FMI_MAPPING_EXACT_MATCH = 3
      logger = class com.ibm.ws.logging.internal.WsLogger@d016f26b
      CLASS_NAME = "com.ibm.ws.webcontainer.filter.WebAppFilterManager"
      nls = class com.ibm.ejs.ras.TraceNLS@f071c483
      webAppConfig = class com.ibm.ws.webcontainer.osgi.webapp.WebAppConfiguration@c6162dc5
      webApp = class com.ibm.ws.webcontainer40.osgi.webapp.WebApp40@bf28de47
      collabHelper = class com.ibm.ws.webcontainer.osgi.collaborator.CollaboratorHelperImpl@b97c45f4
      secCollab = class com.ibm.ws.webcontainer.security.WebAppSecurityCollaboratorImpl@6d975540
      sessionSecurityIntegrationEnabled = true
      assumeFilterSuccessOnSecurityError = false
      useOriginalRequestState = false
      _evtSource = class com.ibm.ws.webcontainer.webapp.WebAppEventSource@a99139da
      defaultComponentMetaData = class com.ibm.ws.webcontainer.osgi.metadata.WebComponentMetaDataImpl@65a73f06
      DEFER_SERVLET_REQUEST_LISTENER_DESTROY_ON_ERROR = false
    documentRoot = null
    SERVLET_API_VERSION = "Servlet 2.5"
    disableServletAuditLogging = -1
    serverInfo = "IBM WebSphere Liberty/23.0.0.3"
    sessionCtx = class com.ibm.ws.webcontainer31.session.impl.HttpSessionContext31Impl@e10caba9
      methodClassName = "HttpSessionContextImpl"
      _smc = class com.ibm.ws.session.SessionManagerConfig@11ee09ad
      sessionStoreService = null
      _sap = class com.ibm.ws.session.SessionApplicationParameters@717f9cd7
      _coreHttpSessionManager = class com.ibm.ws.session.SessionManager@c55a44fa
      _coreHttpAppSessionManager = null
      _sam = class com.ibm.ws.webcontainer.session.impl.SessionAffinityManagerImpl@478895c1
      isSIPApplication = false
      sessionAttributeListener = false
      sessionListener = false
      mHttpSessionAttributeListeners = class java.util.ArrayList@510be995
      mHttpSessionListeners = class java.util.ArrayList@4035cb3e
      mHttpSessionIdListeners = class java.util.ArrayList@90b27dcc
      mHttpSessionAttributeListenersJ2eeNames = class java.util.ArrayList@98687f7b
      mHttpSessionListenersJ2eeNames = class java.util.ArrayList@c0ae581a
      mHttpSessionIdListenersJ2eeNames = class java.util.ArrayList@bd8a2be4
      mLocalHost = null
      _refCount = 1
      currentThreadSacHashtable = null
      methodClassName = "SessionContext"
      ANONYMOUS_USER = "anonymous"
      wasHttpSessionObserver = class com.ibm.ws.session.WasHttpSessionObserver@c0b09ec1
      wasHttpSessionAttributeObserver = null
      _invalidator = class com.ibm.ws.session.SessionInvalidatorWithThreadPool@77ce6b0
      _storer = class com.ibm.ws.session.EOSSessionStorer@4dfaae2c
      wasHttpAppSessionObserver = null
      mHttpAppSessionListeners = null
      cmvcInfo = "CMVC Version 1.9 6/24/07 11:12:24"
      _loggedVersion = true
      CREATE_CORE_SESSION_MANAGER = 0
      GET_REQUESTED_SESSION_ID = 1
      GET_IHTTP_SESSION = 2
      SESSION_PRE_INVOKE = 3
      SESSION_POST_INVOKE = 4
      STOP = 5
      STOP_LISTENERS = 6
      IS_VALID = 7
      ENCODE_URL = 8
      SHOULD_ENCODE_URL = 9
      IS_PROTOCOL_SWITCH = 10
      GET_LOCAL_HOST = 11
      ADD_HTTP_SESSION_ATTRIBUTE_LISTENER = 12
      ADD_HTTP_SESSION_LISTENER = 13
      GET_SESSION_AFFINITY_CONTEXT = 14
      CHECK_SECURITY = 15
      INVALIDATE = 16
      CHECK_SESSSIONID_IS_RIGHT_LENGTH = 17
      LOCK_SESSION = 18
      UNLOCK_SESSION = 19
      ADD_HTTP_SESSION_ID_LISTENER = 20
      methodNames = class java.lang.String[21]
    eventSource = class com.ibm.ws.webcontainer.webapp.WebAppEventSource@a99139da
      _invocationListeners = class com.ibm.ws.webcontainer.util.EventListeners@5552a612
      _servletListeners = class com.ibm.ws.webcontainer.util.EventListeners@dff753a
      _errorListeners = class com.ibm.ws.webcontainer.util.EventListeners@9b0cb921
      _applicationListeners = class com.ibm.ws.webcontainer.util.EventListeners@656740ee
      _filterInvocationListeners = class com.ibm.ws.webcontainer.util.EventListeners@3f9b4539
      _filterListeners = class com.ibm.ws.webcontainer.util.EventListeners@8a5ea91
      _filterErrorListeners = class com.ibm.ws.webcontainer.util.EventListeners@2c191bf3
    nls = class com.ibm.ejs.ras.TraceNLS@1db9a849
      resolver = class com.ibm.ws.logging.internal.TraceNLSResolver@aa2a3209
      finder = class com.ibm.ws.logging.internal.StackFinder@de2292da
      ivBundleName = "com.ibm.ws.webcontainer.resources.Messages"
      caller = class java.lang.Class@5354871c
    liberty_nls = class com.ibm.ejs.ras.TraceNLS@ece90956
      resolver = class com.ibm.ws.logging.internal.TraceNLSResolver@aa2a3209
      finder = class com.ibm.ws.logging.internal.StackFinder@de2292da
      ivBundleName = "com.ibm.ws.webcontainer.resources.LShimMessages"
      caller = class java.lang.Class@5354871c
    error_nls = class com.ibm.ejs.ras.TraceNLS@a4072128
      resolver = class com.ibm.ws.logging.internal.TraceNLSResolver@aa2a3209
      finder = class com.ibm.ws.logging.internal.StackFinder@de2292da
      ivBundleName = "com.ibm.ws.webcontainer.resources.ErrorPage"
      caller = class java.lang.Class@5354871c
    sessionListeners = class java.util.ArrayList@290b472d
      serialVersionUID = 8683452581122892189
      DEFAULT_CAPACITY = 10
      EMPTY_ELEMENTDATA = class java.lang.Object[0]
      DEFAULTCAPACITY_EMPTY_ELEMENTDATA = class java.lang.Object[0]
      elementData = class java.lang.Object[0]
      size = 0
      MAX_ARRAY_SIZE = 2147483639
      modCount = 1
      MAX_ARRAY_SIZE = 2147483639
    sessionIdListeners = class java.util.ArrayList@106118a1
      serialVersionUID = 8683452581122892189
      DEFAULT_CAPACITY = 10
      EMPTY_ELEMENTDATA = class java.lang.Object[0]
      DEFAULTCAPACITY_EMPTY_ELEMENTDATA = class java.lang.Object[0]
      elementData = class java.lang.Object[0]
      size = 0
      MAX_ARRAY_SIZE = 2147483639
      modCount = 0
      MAX_ARRAY_SIZE = 2147483639
    sessionAttrListeners = class java.util.ArrayList@35372dfb
      serialVersionUID = 8683452581122892189
      DEFAULT_CAPACITY = 10
      EMPTY_ELEMENTDATA = class java.lang.Object[0]
      DEFAULTCAPACITY_EMPTY_ELEMENTDATA = class java.lang.Object[0]
      elementData = class java.lang.Object[0]
      size = 0
      MAX_ARRAY_SIZE = 2147483639
      modCount = 1
      MAX_ARRAY_SIZE = 2147483639
    addedSessionListeners = class java.util.ArrayList@4e1e1ec7
      serialVersionUID = 8683452581122892189
      DEFAULT_CAPACITY = 10
      EMPTY_ELEMENTDATA = class java.lang.Object[0]
      DEFAULTCAPACITY_EMPTY_ELEMENTDATA = class java.lang.Object[0]
      elementData = class java.lang.Object[0]
      size = 0
      MAX_ARRAY_SIZE = 2147483639
      modCount = 0
      MAX_ARRAY_SIZE = 2147483639
    addedSessionAttrListeners = class java.util.ArrayList@e64f46ee
      serialVersionUID = 8683452581122892189
      DEFAULT_CAPACITY = 10
      EMPTY_ELEMENTDATA = class java.lang.Object[0]
      DEFAULTCAPACITY_EMPTY_ELEMENTDATA = class java.lang.Object[0]
      elementData = class java.lang.Object[0]
      size = 0
      MAX_ARRAY_SIZE = 2147483639
      modCount = 0
      MAX_ARRAY_SIZE = 2147483639
    servletContextListeners = class java.util.ArrayList@827de329
      serialVersionUID = 8683452581122892189
      DEFAULT_CAPACITY = 10
      EMPTY_ELEMENTDATA = class java.lang.Object[0]
      DEFAULTCAPACITY_EMPTY_ELEMENTDATA = class java.lang.Object[0]
      elementData = class java.lang.Object[10]
      size = 3
      MAX_ARRAY_SIZE = 2147483639
      modCount = 4
      MAX_ARRAY_SIZE = 2147483639
    servletContextLAttrListeners = class java.util.ArrayList@d1d9e64d
      serialVersionUID = 8683452581122892189
      DEFAULT_CAPACITY = 10
      EMPTY_ELEMENTDATA = class java.lang.Object[0]
      DEFAULTCAPACITY_EMPTY_ELEMENTDATA = class java.lang.Object[0]
      elementData = class java.lang.Object[0]
      size = 0
      MAX_ARRAY_SIZE = 2147483639
      modCount = 1
      MAX_ARRAY_SIZE = 2147483639
    servletRequestListeners = class java.util.ArrayList@68f331ee
      serialVersionUID = 8683452581122892189
      DEFAULT_CAPACITY = 10
      EMPTY_ELEMENTDATA = class java.lang.Object[0]
      DEFAULTCAPACITY_EMPTY_ELEMENTDATA = class java.lang.Object[0]
      elementData = class java.lang.Object[0]
      size = 0
      MAX_ARRAY_SIZE = 2147483639
      modCount = 1
      MAX_ARRAY_SIZE = 2147483639
    servletRequestLAttrListeners = class java.util.ArrayList@d7a8079f
      serialVersionUID = 8683452581122892189
      DEFAULT_CAPACITY = 10
      EMPTY_ELEMENTDATA = class java.lang.Object[0]
      DEFAULTCAPACITY_EMPTY_ELEMENTDATA = class java.lang.Object[0]
      elementData = class java.lang.Object[0]
      size = 0
      MAX_ARRAY_SIZE = 2147483639
      modCount = 1
      MAX_ARRAY_SIZE = 2147483639
    prependSlashToResource = false
    destroyed = false
    webAppNameSpaceCollab = class com.ibm.ws.webcontainer.osgi.collaborator.WebAppNameSpaceCollaboratorImpl@46afddc8
    txCollab = class com.ibm.ws.transaction.services.WebAppTransactionCollaboratorImpl@c48906ed
      tc = class com.ibm.websphere.ras.TraceComponent@f75e44bd
      ltCurrentRef = class com.ibm.wsspi.kernel.service.utils.AtomicServiceReference@18b7cfcf
      tranMgrRef = class com.ibm.wsspi.kernel.service.utils.AtomicServiceReference@6cf35f6e
      userTranRef = class com.ibm.wsspi.kernel.service.utils.AtomicServiceReference@88271d3
      uowCallbackRef = class com.ibm.wsspi.kernel.service.utils.AtomicServiceReference@f0dd6f02
      serialVersionUID = -8319003162899973281
    sessionActivationListeners = class java.util.ArrayList@b6e70509
      serialVersionUID = 8683452581122892189
      DEFAULT_CAPACITY = 10
      EMPTY_ELEMENTDATA = class java.lang.Object[0]
      DEFAULTCAPACITY_EMPTY_ELEMENTDATA = class java.lang.Object[0]
      elementData = class java.lang.Object[0]
      size = 0
      MAX_ARRAY_SIZE = 2147483639
      modCount = 1
      MAX_ARRAY_SIZE = 2147483639
    sessionBindingListeners = class java.util.ArrayList@8da9a352
      serialVersionUID = 8683452581122892189
      DEFAULT_CAPACITY = 10
      EMPTY_ELEMENTDATA = class java.lang.Object[0]
      DEFAULTCAPACITY_EMPTY_ELEMENTDATA = class java.lang.Object[0]
      elementData = class java.lang.Object[0]
      size = 0
      MAX_ARRAY_SIZE = 2147483639
      modCount = 1
      MAX_ARRAY_SIZE = 2147483639
    scratchdir = null
    jspClassLoaderLimit = 0
    jspClassLoaderExclusionList = null
    jspClassLoadersMap = null
    jspClassLoaderLimitTrackIF = false
    defaultExtProc = null
    directoryBrowsingServlet = null
    cdiContexts = class java.util.concurrent.ConcurrentHashMap@72d0acfd
      serialVersionUID = 7249069246763182397
      MAXIMUM_CAPACITY = 1073741824
      DEFAULT_CAPACITY = 16
      MAX_ARRAY_SIZE = 2147483639
      DEFAULT_CONCURRENCY_LEVEL = 16
      LOAD_FACTOR = 0.75
      TREEIFY_THRESHOLD = 8
      UNTREEIFY_THRESHOLD = 6
      MIN_TREEIFY_CAPACITY = 64
      MIN_TRANSFER_STRIDE = 16
      RESIZE_STAMP_BITS = 16
      MAX_RESIZERS = 65535
      RESIZE_STAMP_SHIFT = 16
      MOVED = -1
      TREEBIN = -2
      RESERVED = -3
      HASH_BITS = 2147483647
      NCPU = 12
      serialPersistentFields = class java.io.ObjectStreamField[3]
      table = null
      nextTable = null
      baseCount = 0
      sizeCtl = 0
      transferIndex = 0
      cellsBusy = 0
      counterCells = null
      keySet = null
      values = null
      entrySet = null
      U = class sun.misc.Unsafe@eb80bb8d
      SIZECTL = 48
      TRANSFERINDEX = 52
      BASECOUNT = 16
      CELLSBUSY = 56
      CELLVALUE = 72
      ABASE = 16
      ASHIFT = 2
      keySet = null
      values = null
    moduleConfig = class com.ibm.ws.webcontainer.osgi.container.DeployedModule@91b4a607
      tc = class com.ibm.websphere.ras.TraceComponent@f9812c6f
      loader = class com.ibm.ws.classloading.internal.ThreadContextClassLoader@91e41f9e
      webApp = class com.ibm.ws.webcontainer40.osgi.webapp.WebApp40@bf28de47
      webAppConfig = class com.ibm.ws.webcontainer.osgi.webapp.WebAppConfiguration@c6162dc5
      contextRootAdded = class com.ibm.ws.threading.internal.NonCancelableResultFuture@fc96c6b0
      properContextRoot = "/zosConnect/designer"
      mappingContextRoot = "/zosConnect/designer/*"
      initTaskCount = class java.util.concurrent.atomic.AtomicInteger@6faefcaa
      initTasksDoneListener = class com.ibm.ws.webcontainer.osgi.WebContainer$2@806e52e0
      serialVersionUID = -2104814060051592457
      $$$tc$$$ = class com.ibm.websphere.ras.TraceComponent@ff2ce4d5
    extensionFactories = class java.util.ArrayList@40dcd9b7
      serialVersionUID = 8683452581122892189
      DEFAULT_CAPACITY = 10
      EMPTY_ELEMENTDATA = class java.lang.Object[0]
      DEFAULTCAPACITY_EMPTY_ELEMENTDATA = class java.lang.Object[0]
      elementData = class java.lang.Object[10]
      size = 3
      MAX_ARRAY_SIZE = 2147483639
      modCount = 3
      MAX_ARRAY_SIZE = 2147483639
    initialized = true
    lock = class com.ibm.ws.webcontainer.webapp.WebApp$1@fe49d76a
      this$0 = class com.ibm.ws.webcontainer40.osgi.webapp.WebApp40@bf28de47
    afterServletContextCreated = false
    redirectContextRoot = false
    errorExceptionTypeFirst = false
    initFilterBeforeServletInit = false
    SET_400_SC_ON_TOO_MANY_PARENT_DIRS = false
    sortedServletConfigs = class java.util.ArrayList@3c20b0fb
      serialVersionUID = 8683452581122892189
      DEFAULT_CAPACITY = 10
      EMPTY_ELEMENTDATA = class java.lang.Object[0]
      DEFAULTCAPACITY_EMPTY_ELEMENTDATA = class java.lang.Object[0]
      elementData = class java.lang.Object[10]
      size = 1
      MAX_ARRAY_SIZE = 2147483639
      modCount = 1
      MAX_ARRAY_SIZE = 2147483639
    effectiveMajorVersion = 3
    effectiveMinorVersion = 1
    canAddServletContextListener = true
    withinContextInitOfProgAddListener = false
    lastProgAddListenerInitialized = "com.ibm.ws.cache.CacheServiceImpl"
    webInfLibClassloader = null
    metaInfCache = class com.ibm.ws.webcontainer.webapp.WebApp$2@38e02042
      this$0 = class com.ibm.ws.webcontainer40.osgi.webapp.WebApp40@bf28de47
      serialVersionUID = 3801124242820219131
      head = null
      tail = null
      accessOrder = true
      serialVersionUID = 362498820763181265
      DEFAULT_INITIAL_CAPACITY = 16
      MAXIMUM_CAPACITY = 1073741824
      DEFAULT_LOAD_FACTOR = 0.75
      TREEIFY_THRESHOLD = 8
      UNTREEIFY_THRESHOLD = 6
      MIN_TREEIFY_CAPACITY = 64
      table = null
      entrySet = null
      size = 0
      modCount = 0
      threshold = 32
      loadFactor = 1.0
      keySet = null
      values = null
    hasSlashStarMapping = false
    useMetaInfCache = true
    SUN_CONFIGURE_LISTENER_CLASSNAME = "com.sun.faces.config.ConfigureListener"
    MYFACES_LIFECYCLE_LISTENER_CLASSNAME = "org.apache.myfaces.webapp.StartupServletContextListener"
    JSF_IMPL_ENABLED_PARAM = "com.ibm.ws.jsf.JSF_IMPL_ENABLED"
    JSF_IMPL_ENABLED_CUSTOM = "Custom"
    JSF_IMPL_ENABLED_NONE = "None"
    staticDocRoot = class com.ibm.ws.webcontainer.util.DocumentRootUtils@1266031a
      logger = class com.ibm.ws.logging.internal.WsLogger@b86ff8c7
      CLASS_NAME = "com.ibm.ws.webcontainer.util.DocumentRootUtils"
      useContentLength = false
      matchedFile = null
      matchedZipFile = null
      matchedEntry = null
      matchedURL = null
      edrRoot = null
      pfedrRoot = null
      ctxt = class com.ibm.ws.webcontainer40.osgi.webapp.WebApp40@bf28de47
      baseDir = null
      edr = null
      pfedr = null
      metaInfRes = null
      searchpfEDR = false
      searchEDR = false
      searchMetaInfRes = true
      matchFromEDR = false
      matchFromMetaInfRes = false
      matchIsADirectory = false
      appConfig = class com.ibm.ws.webcontainer.osgi.webapp.WebAppConfiguration@c6162dc5
      attributeType = "staticFile"
      STATIC_FILE = "staticFile"
      JSP = "jsp"
      PFEDR = "preFragmentExtendedDocumentRoot"
      EDR = "extendedDocumentRoot"
    jspDocRoot = class com.ibm.ws.webcontainer.util.DocumentRootUtils@992f362a
      logger = class com.ibm.ws.logging.internal.WsLogger@b86ff8c7
      CLASS_NAME = "com.ibm.ws.webcontainer.util.DocumentRootUtils"
      useContentLength = false
      matchedFile = null
      matchedZipFile = null
      matchedEntry = null
      matchedURL = null
      edrRoot = null
      pfedrRoot = null
      ctxt = class com.ibm.ws.webcontainer40.osgi.webapp.WebApp40@bf28de47
      baseDir = null
      edr = null
      pfedr = null
      metaInfRes = null
      searchpfEDR = false
      searchEDR = false
      searchMetaInfRes = true
      matchFromEDR = false
      matchFromMetaInfRes = false
      matchIsADirectory = false
      appConfig = class com.ibm.ws.webcontainer.osgi.webapp.WebAppConfiguration@c6162dc5
      attributeType = "jsp"
      STATIC_FILE = "staticFile"
      JSP = "jsp"
      PFEDR = "preFragmentExtendedDocumentRoot"
      EDR = "extendedDocumentRoot"
    container = class com.ibm.ws.adaptable.module.internal.AdaptableContainerImpl@bf0cba4d
      root = class com.ibm.ws.adaptable.module.internal.AdaptableContainerImpl@bf0cba4d
      rootOverlay = class com.ibm.ws.artifact.overlay.internal.DirectoryBasedOverlayContainerImpl@72f747a0
      factoryHolder = class com.ibm.ws.adaptable.module.internal.AdaptableModuleFactoryImpl@d178a9a
      delegate = class com.ibm.ws.artifact.overlay.internal.DirectoryBasedOverlayContainerImpl@72f747a0
      notifier = class com.ibm.ws.adaptable.module.internal.NotifierImpl@f0a80736
      serialVersionUID = -5950528200509051684
      $$$tc$$$ = class com.ibm.websphere.ras.TraceComponent@c373bbe9
    metaInfResourceFinder = class com.ibm.ws.webcontainer.util.MetaInfResourceFinder@c3a63aad
      jarResourceContainers = class java.util.ArrayList@fcdc5c1c
      container = class com.ibm.ws.adaptable.module.internal.AdaptableContainerImpl@bf0cba4d
    postConstructMethods = class com.ibm.ws.webcontainer.webapp.WebApp$AnnotatedMethods@b28e5c71
      annotationClass = class java.lang.Class@d659b449
      noOpClassNames = class java.util.HashSet@c2fb58ab
      annotatedMethodNames = class java.util.concurrent.ConcurrentHashMap@af9a1c63
      EMPTY_METHODS = class java.lang.reflect.Method[0]
    preDestroyMethods = class com.ibm.ws.webcontainer.webapp.WebApp$AnnotatedMethods@8a97b3dd
      annotationClass = class java.lang.Class@a327ab5c
      noOpClassNames = class java.util.HashSet@44a887cd
      annotatedMethodNames = class java.util.concurrent.ConcurrentHashMap@6dd12e17
      EMPTY_METHODS = class java.lang.reflect.Method[0]
    OBJ_EMPTY = class java.lang.Object[0]
    CLASS_EMPTY = class java.lang.Class[0]
    checkpointPhase = class io.openliberty.checkpoint.spi.CheckpointPhase@29f684d
      APPLICATIONS = class io.openliberty.checkpoint.spi.CheckpointPhase@48f49327
      DEPLOYMENT = class io.openliberty.checkpoint.spi.CheckpointPhase@8955f98d
      INACTIVE = class io.openliberty.checkpoint.spi.CheckpointPhase@29f684d
      CHECKPOINT_PROPERTY = "io.openliberty.checkpoint"
      CHECKPOINT_ACTIVE_FILTER = "(!(io.openliberty.checkpoint=INACTIVE))"
      CHECKPOINT_RESTORED_PROPERTY = "io.openliberty.checkpoint.restored"
      CONDITION_PROCESS_RUNNING_ID = "io.openliberty.process.running"
      restored = true
      noMoreAddHooks = true
      singleThreadedHooks = class java.util.ArrayList@5856a217
      multiThreadedHooks = class java.util.ArrayList@3f9c5d57
      THE_PHASE = class io.openliberty.checkpoint.spi.CheckpointPhase@29f684d
      DEBUG = false
      $VALUES = class io.openliberty.checkpoint.spi.CheckpointPhase[3]
      name = "INACTIVE"
      ordinal = 2
    DEFAULT_JSP_EXTENSIONS = class java.util.ArrayList@dbee7847
      serialVersionUID = 8683452581122892189
      DEFAULT_CAPACITY = 10
      EMPTY_ELEMENTDATA = class java.lang.Object[0]
      DEFAULTCAPACITY_EMPTY_ELEMENTDATA = class java.lang.Object[0]
      elementData = class java.lang.Object[10]
      size = 4
      MAX_ARRAY_SIZE = 2147483639
      modCount = 4
      MAX_ARRAY_SIZE = 2147483639
    DEFER_SERVLET_REQUEST_LISTENER_DESTROY_ON_ERROR = false
    DO_ACCEPT_PARTIAL = true
    DO_NOT_ACCEPT_PARTIAL = false
    DO_ACCEPT_EXCLUDED = true
    DO_NOT_ACCEPT_EXCLUDED = false
    commands = class java.util.ArrayList@1c0e9a29
      serialVersionUID = 8683452581122892189
      DEFAULT_CAPACITY = 10
      EMPTY_ELEMENTDATA = class java.lang.Object[0]
      DEFAULTCAPACITY_EMPTY_ELEMENTDATA = class java.lang.Object[0]
      elementData = class java.lang.Object[3]
      size = 0
      MAX_ARRAY_SIZE = 2147483639
      modCount = 0
      MAX_ARRAY_SIZE = 2147483639
    requestMapper = class com.ibm.wsspi.webcontainer.util.URIMapper@608f7a8c
      matcher = class com.ibm.wsspi.webcontainer40.util.URIMatcher40@7303b0a7
    parent = class com.ibm.ws.webcontainer.osgi.webapp.WebGroup@57447aa7
      tc = class com.ibm.websphere.ras.TraceComponent@b7970dee
      logger = class com.ibm.ws.logging.internal.WsLogger@615f8f7f
      CLASS_NAME = "com.ibm.ws.webcontainer.webapp.WebGroup"
      sessUrlRewritePrefix = ";jsessionid="
      qMark = "?"
      config = class com.ibm.ws.webcontainer.osgi.webapp.WebGroupConfiguration@9efa4743
      webApp = class com.ibm.ws.webcontainer40.osgi.webapp.WebApp40@bf28de47
      commands = class java.util.ArrayList@353dae43
      requestMapper = null
      parent = class com.ibm.ws.webcontainer.osgi.DynamicVirtualHost@89d0af61
      name = "/zosConnect/designer/*"
      isAlive = true
      subElements = class java.util.HashMap@141aef59
      attributes = null
      config = null
      serialVersionUID = -8271459000149267764
      $$$tc$$$ = class com.ibm.websphere.ras.TraceComponent@3244bc90
    name = "com.ibm.zosconnect.ui"
    isAlive = true
    subElements = null
    attributes = class java.util.concurrent.ConcurrentHashMap@7947a02
      serialVersionUID = 7249069246763182397
      MAXIMUM_CAPACITY = 1073741824
      DEFAULT_CAPACITY = 16
      MAX_ARRAY_SIZE = 2147483639
      DEFAULT_CONCURRENCY_LEVEL = 16
      LOAD_FACTOR = 0.75
      TREEIFY_THRESHOLD = 8
      UNTREEIFY_THRESHOLD = 6
      MIN_TREEIFY_CAPACITY = 64
      MIN_TRANSFER_STRIDE = 16
      RESIZE_STAMP_BITS = 16
      MAX_RESIZERS = 65535
      RESIZE_STAMP_SHIFT = 16
      MOVED = -1
      TREEBIN = -2
      RESERVED = -3
      HASH_BITS = 2147483647
      NCPU = 12
      serialPersistentFields = class java.io.ObjectStreamField[3]
      table = class java.util.concurrent.ConcurrentHashMap$Node[16]
      nextTable = null
      baseCount = 11
      sizeCtl = 12
      transferIndex = 0
      cellsBusy = 0
      counterCells = null
      keySet = null
      values = null
      entrySet = null
      U = class sun.misc.Unsafe@eb80bb8d
      SIZECTL = 48
      TRANSFERINDEX = 52
      BASECOUNT = 16
      CELLSBUSY = 56
      CELLVALUE = 72
      ABASE = 16
      ASHIFT = 2
      keySet = null
      values = null
    config = null
    serialVersionUID = -8271459000149267764
    $$$tc$$$ = class com.ibm.websphere.ras.TraceComponent@3244bc90
      strings[0] = "TraceComponent[com.ibm.ws.container.AbstractContainer,class com.ibm.ws.container.AbstractContainer,[],null,null]"

