------Start of DE processing------ = [7/3/24 15:27:21:234 UTC]
Exception = javax.servlet.ServletException
Source = com.ibm.ws.webcontainer.servlet.FileServletWrapper.handleRequest
probeid = 309
Stack Dump = javax.servlet.ServletException: java.io.IOException: Broken pipe
	at com.ibm.ws.webcontainer.servlet.FileServletWrapper.service(FileServletWrapper.java:723)
	at com.ibm.ws.webcontainer.servlet.FileServletWrapper.handleRequest(FileServletWrapper.java:518)
	at com.ibm.ws.webcontainer.servlet.FileServletWrapper.handleRequest(FileServletWrapper.java:268)
	at com.ibm.ws.webcontainer.extension.DefaultExtensionProcessor.handleRequest(DefaultExtensionProcessor.java:898)
	at com.ibm.ws.webcontainer.filter.WebAppFilterChain.invokeTarget(WebAppFilterChain.java:197)
	at com.ibm.ws.webcontainer.filter.WebAppFilterChain.doFilter(WebAppFilterChain.java:100)
	at com.ibm.zosconnect.ui.war.CacheFilter.doFilter(CacheFilter.java:55)
	at com.ibm.ws.webcontainer.filter.FilterInstanceWrapper.doFilter(FilterInstanceWrapper.java:203)
	at com.ibm.ws.webcontainer.filter.WebAppFilterChain.doFilter(WebAppFilterChain.java:93)
	at com.ibm.ws.webcontainer.filter.WebAppFilterManager.doFilter(WebAppFilterManager.java:1068)
	at com.ibm.ws.webcontainer.filter.WebAppFilterManager.invokeFilters(WebAppFilterManager.java:1260)
	at com.ibm.ws.webcontainer.webapp.WebApp.handleRequest(WebApp.java:5080)
	at com.ibm.ws.webcontainer.osgi.DynamicVirtualHost$2.handleRequest(DynamicVirtualHost.java:318)
	at com.ibm.ws.webcontainer.WebContainer.handleRequest(WebContainer.java:1038)
	at com.ibm.ws.webcontainer.osgi.DynamicVirtualHost$2.run(DynamicVirtualHost.java:283)
	at com.ibm.ws.http.dispatcher.internal.channel.HttpDispatcherLink$TaskWrapper.run(HttpDispatcherLink.java:1248)
	at com.ibm.ws.http.dispatcher.internal.channel.HttpDispatcherLink.wrapHandlerAndExecute(HttpDispatcherLink.java:470)
	at com.ibm.ws.http.dispatcher.internal.channel.HttpDispatcherLink.ready(HttpDispatcherLink.java:429)
	at com.ibm.ws.http.channel.internal.inbound.HttpInboundLink.handleDiscrimination(HttpInboundLink.java:569)
	at com.ibm.ws.http.channel.internal.inbound.HttpInboundLink.handleNewRequest(HttpInboundLink.java:503)
	at com.ibm.ws.http.channel.internal.inbound.HttpInboundLink.processRequest(HttpInboundLink.java:363)
	at com.ibm.ws.http.channel.internal.inbound.HttpInboundLink.ready(HttpInboundLink.java:330)
	at com.ibm.ws.tcpchannel.internal.NewConnectionInitialReadCallback.sendToDiscriminators(NewConnectionInitialReadCallback.java:169)
	at com.ibm.ws.tcpchannel.internal.NewConnectionInitialReadCallback.complete(NewConnectionInitialReadCallback.java:77)
	at com.ibm.ws.tcpchannel.internal.WorkQueueManager.requestComplete(WorkQueueManager.java:516)
	at com.ibm.ws.tcpchannel.internal.WorkQueueManager.attemptIO(WorkQueueManager.java:586)
	at com.ibm.ws.tcpchannel.internal.WorkQueueManager.workerRun(WorkQueueManager.java:970)
	at com.ibm.ws.tcpchannel.internal.WorkQueueManager$Worker.run(WorkQueueManager.java:1059)
	at com.ibm.ws.threading.internal.ExecutorServiceImpl$RunnableWrapper.run(ExecutorServiceImpl.java:247)
	at java.util.concurrent.ThreadPoolExecutor.runWorker(ThreadPoolExecutor.java:1160)
	at java.util.concurrent.ThreadPoolExecutor$Worker.run(ThreadPoolExecutor.java:635)
	at java.lang.Thread.run(Thread.java:825)
Caused by: java.io.IOException: Broken pipe
	at sun.nio.ch.FileDispatcherImpl.writev0(Native Method)
	at sun.nio.ch.SocketDispatcher.writev(SocketDispatcher.java:63)
	at sun.nio.ch.IOUtil.write(IOUtil.java:160)
	at sun.nio.ch.SocketChannelImpl.write(SocketChannelImpl.java:518)
	at java.nio.channels.SocketChannel.write(SocketChannel.java:513)
	at com.ibm.ws.tcpchannel.internal.NioSocketIOChannel.write(NioSocketIOChannel.java:207)
	at com.ibm.ws.tcpchannel.internal.NioSocketIOChannel.attemptWriteToSocketUsingNIO(NioSocketIOChannel.java:158)
	at com.ibm.ws.tcpchannel.internal.SocketIOChannel.attemptWriteToSocket(SocketIOChannel.java:200)
	at com.ibm.ws.tcpchannel.internal.WorkQueueManager.attemptIO(WorkQueueManager.java:607)
	at com.ibm.ws.tcpchannel.internal.WorkQueueManager.processWork(WorkQueueManager.java:311)
	at com.ibm.ws.tcpchannel.internal.NioTCPWriteRequestContextImpl.processAsyncWriteRequest(NioTCPWriteRequestContextImpl.java:104)
	at com.ibm.ws.tcpchannel.internal.TCPWriteRequestContextImpl.writeInternal(TCPWriteRequestContextImpl.java:322)
	at com.ibm.ws.tcpchannel.internal.NioTCPWriteRequestContextImpl.processSyncWriteRequest(NioTCPWriteRequestContextImpl.java:60)
	at com.ibm.ws.tcpchannel.internal.TCPWriteRequestContextImpl.write(TCPWriteRequestContextImpl.java:98)
	at com.ibm.ws.http.channel.internal.HttpServiceContextImpl.synchWrite(HttpServiceContextImpl.java:3143)
	at com.ibm.ws.http.channel.internal.HttpServiceContextImpl.sendOutgoing(HttpServiceContextImpl.java:2771)
	at com.ibm.ws.http.channel.internal.inbound.HttpInboundServiceContextImpl.sendResponseBody(HttpInboundServiceContextImpl.java:705)
	at com.ibm.ws.http.channel.internal.outbound.HttpOutputStreamImpl.flushBuffers(HttpOutputStreamImpl.java:546)
	at com.ibm.ws.http.channel.internal.outbound.HttpOutputStreamImpl.writeToBuffers(HttpOutputStreamImpl.java:330)
	at com.ibm.ws.http.channel.internal.outbound.HttpOutputStreamImpl.write(HttpOutputStreamImpl.java:687)
	at com.ibm.ws.webcontainer.osgi.response.WCOutputStream.write(WCOutputStream.java:254)
	at com.ibm.ws.webcontainer31.osgi.response.WCOutputStream31.write(WCOutputStream31.java:219)
	at com.ibm.ws.webcontainer.servlet.FileServletWrapper.writeByBytes(FileServletWrapper.java:1006)
	at com.ibm.ws.webcontainer.servlet.FileServletWrapper.writeResponseToClient(FileServletWrapper.java:962)
	at com.ibm.ws.webcontainer.servlet.FileServletWrapper.service(FileServletWrapper.java:695)
	... 31 more

Dump of callerThis
null
