[7/09/24 01:40:27:411 UTC] - BAQW0056I: Undeploying API project.
[7/09/24 01:40:27:411 UTC] - BAQW0063I: Building API project.

> Task :clean
BAQG0001I: Deleting generated Java in /workspace/project/src/gen
BAQG0002I: Deleting generated config in /workspace/project/src/main/webapp

> Task :zosConnectPreBuildTask

> Task :openApiGenerate
################################################################################
# Thanks for using OpenAPI Generator.                                          #
# Please consider donation to help us maintain this project ðŸ™                 #
# https://opencollective.com/openapi_generator/donate                          #
################################################################################
Successfully generated code to /workspace/project

> Task :compileJava
> Task :processResources NO-SOURCE
> Task :classes
> Task :war
> Task :assemble
> Task :compileTestJava NO-SOURCE
> Task :processTestResources NO-SOURCE
> Task :testClasses UP-TO-DATE
> Task :test NO-SOURCE
> Task :check UP-TO-DATE
> Task :build

BUILD SUCCESSFUL in 5s
6 actionable tasks: 6 executed
[7/09/24 01:40:33:287 UTC] - BAQW0064I: API project built successfully.
[7/09/24 01:40:33:295 UTC] - BAQW0057I: Deploying API project.
[7/09/24 01:40:34:314 UTC] - BAQW0068I: API project deployed successfully.
