********************************************************************************
product = WebSphere Application Server 23.0.0.3, z/OS Connect 03.00.70 (wlp-1.0.75.cl230320230319-1900)
wlp.install.dir = /opt/ibm/wlp/
server.output.dir = /opt/ibm/wlp/output/defaultServer/
java.home = /opt/ibm/java/jre
java.version = 1.8.0_351
java.runtime = Java(TM) SE Runtime Environment (8.0.7.20 - pxa6480sr7fp20-20221020_01(SR7 FP20))
os = Linux (5.15.153.1-microsoft-standard-WSL2; amd64) (en_US)
process = 1@172.21.0.2
Classpath = /opt/ibm/wlp/bin/tools/ws-server.jar:/opt/ibm/wlp/bin/tools/ws-javaagent.jar:/opt/ibm/wlp/bin/tools/ws-javaagent.jar
Java Library path = /opt/ibm/java/jre/lib/amd64/compressedrefs:/opt/ibm/java/jre/lib/amd64:/usr/lib64:/usr/lib
********************************************************************************
[7/3/24 15:29:50:496 UTC] 00000001 com.ibm.ws.kernel.launch.internal.FrameworkManager           A CWWKE0001I: The server defaultServer has been launched.
[7/3/24 15:29:51:041 UTC] 0000002b com.ibm.ws.config.xml.internal.ServerXMLConfiguration        A CWWKG0093A: Processing configuration drop-ins resource: /opt/ibm/wlp/usr/servers/defaultServer/configDropins/defaults/keystore.xml
[7/3/24 15:29:51:051 UTC] 0000002b com.ibm.ws.config.xml.internal.ServerXMLConfiguration        A CWWKG0093A: Processing configuration drop-ins resource: /opt/ibm/wlp/usr/servers/defaultServer/configDropins/overrides/http-ssl-endpoint.xml
[7/3/24 15:29:51:053 UTC] 0000002b com.ibm.ws.config.xml.internal.ServerXMLConfiguration        A CWWKG0093A: Processing configuration drop-ins resource: /opt/ibm/wlp/usr/servers/defaultServer/configDropins/overrides/tls.xml
[7/3/24 15:29:51:184 UTC] 00000001 com.ibm.ws.kernel.launch.internal.FrameworkManager           I CWWKE0002I: The kernel started after 0.785 seconds
[7/3/24 15:29:51:333 UTC] 00000035 com.ibm.ws.kernel.feature.internal.FeatureManager            I CWWKF0007I: Feature update started.
[7/3/24 15:29:53:691 UTC] 00000028 com.ibm.ws.security.ready.internal.SecurityReadyServiceImpl  I CWWKS0007I: The security service is starting...
[7/3/24 15:29:53:772 UTC] 0000002c com.ibm.ws.app.manager.internal.monitor.DropinMonitor        A CWWKZ0058I: Monitoring dropins for applications.
[7/3/24 15:29:54:042 UTC] 0000002c com.ibm.ws.cache.ServerCache                                 I DYNA1001I: WebSphere Dynamic Cache instance named baseCache initialized successfully.
[7/3/24 15:29:54:045 UTC] 0000002c com.ibm.ws.cache.ServerCache                                 I DYNA1071I: The cache provider default is being used.
[7/3/24 15:29:54:047 UTC] 0000002c com.ibm.ws.cache.CacheServiceImpl                            I DYNA1056I: Dynamic Cache (object cache) initialized successfully.
[7/3/24 15:29:54:245 UTC] 0000004e com.ibm.ws.security.token.ltpa.LTPAKeyInfoManager            I CWWKS4103I: Creating the LTPA keys. This may take a few seconds.
[7/3/24 15:29:54:289 UTC] 00000028 ibm.ws.security.authentication.internal.jaas.JAASServiceImpl I CWWKS1123I: The collective authentication plugin with class name NullCollectiveAuthenticationPlugin has been activated. 
[7/3/24 15:29:54:666 UTC] 00000028 com.ibm.ws.session.WASSessionCore                            I SESN8501I: The session manager did not find a persistent storage location; HttpSession objects will be stored in the local application server's memory.
[7/3/24 15:29:54:693 UTC] 0000004e com.ibm.ws.security.token.ltpa.LTPAKeyInfoManager            A CWWKS4104A: LTPA keys created in 0.448 seconds. LTPA key file: /opt/ibm/wlp/output/defaultServer/resources/security/ltpa.keys
[7/3/24 15:29:54:697 UTC] 0000004e com.ibm.ws.security.token.ltpa.internal.LTPAKeyCreateTask    I CWWKS4105I: LTPA configuration is ready after 0.454 seconds.
[7/3/24 15:29:54:697 UTC] 00000031 com.ibm.ws.ssl.config.WSKeyStore                             I Successfully loaded default keystore: /opt/ibm/wlp/output/defaultServer/resources/security/key.p12 of type: PKCS12
[7/3/24 15:29:54:717 UTC] 00000028 com.ibm.ws.security.jwt.internal.ConsumerImpl                I CWWKS6012I: The JSON Web Token (JWT) consumer service is available.
[7/3/24 15:29:54:727 UTC] 00000028 com.ibm.ws.security.jwt.web.JwtEndpointServices              I CWWKS6002I: The JSON Web Token (JWT) endpoint service is available.
[7/3/24 15:29:54:833 UTC] 00000028 .microprofile.metrics.internal.monitor.MonitorMetricsHandler I CWPMI2003I: Monitoring metrics can be retrieved through mpMetrics.
[7/3/24 15:29:54:883 UTC] 00000028 com.ibm.ws.security.audit.source.AuditServiceImpl            I CWWKS5850I: The audit service is starting.
[7/3/24 15:29:54:890 UTC] 00000028 com.ibm.ws.security.audit.file.AuditFileHandler              I CWWKS5804I: The audit file handler service is starting.
[7/3/24 15:29:54:894 UTC] 00000028 com.ibm.ws.security.audit.source.AuditServiceImpl            I CWWKS5851I: The audit service is ready.
[7/3/24 15:29:54:898 UTC] 00000028 com.ibm.ws.security.audit.file.AuditFileHandler              I CWWKS5805I: The audit file handler service is ready.
[7/3/24 15:29:55:233 UTC] 00000042 om.ibm.ws.app.manager.rar.internal.RARApplicationHandlerImpl I J2CA7018I: Installing resource adapter gmoa.
[7/3/24 15:29:55:511 UTC] 00000047 com.ibm.ws.webcontainer.osgi.webapp.WebGroup                 I SRVE0169I: Loading Web Module: OpenAPIUI.
[7/3/24 15:29:55:511 UTC] 0000003f com.ibm.ws.webcontainer.osgi.webapp.WebGroup                 I SRVE0169I: Loading Web Module: health.
[7/3/24 15:29:55:511 UTC] 0000003d com.ibm.ws.webcontainer.osgi.webapp.WebGroup                 I SRVE0169I: Loading Web Module: ibm/api.
[7/3/24 15:29:55:515 UTC] 00000047 com.ibm.ws.webcontainer                                      I SRVE0250I: Web Module OpenAPIUI has been bound to default_host.
[7/3/24 15:29:55:511 UTC] 0000003e com.ibm.ws.webcontainer.osgi.webapp.WebGroup                 I SRVE0169I: Loading Web Module: PrivateMicroProfileMetrics.
[7/3/24 15:29:55:514 UTC] 00000040 com.ibm.ws.webcontainer.osgi.webapp.WebGroup                 I SRVE0169I: Loading Web Module: com.ibm.ws.security.jwt.
[7/3/24 15:29:55:516 UTC] 0000003f com.ibm.ws.webcontainer                                      I SRVE0250I: Web Module health has been bound to default_host.
[7/3/24 15:29:55:517 UTC] 0000003d com.ibm.ws.webcontainer                                      I SRVE0250I: Web Module ibm/api has been bound to default_host.
[7/3/24 15:29:55:518 UTC] 0000003e com.ibm.ws.webcontainer                                      I SRVE0250I: Web Module PrivateMicroProfileMetrics has been bound to default_host.
[7/3/24 15:29:55:518 UTC] 00000040 com.ibm.ws.webcontainer                                      I SRVE0250I: Web Module com.ibm.ws.security.jwt has been bound to default_host.
[7/3/24 15:29:55:518 UTC] 00000047 com.ibm.ws.http.internal.VirtualHostImpl                     A CWWKT0016I: Web application available (default_host): http://7934c517dc90:9080/openapi/ui/
[7/3/24 15:29:55:522 UTC] 00000040 com.ibm.ws.http.internal.VirtualHostImpl                     A CWWKT0016I: Web application available (default_host): http://7934c517dc90:9080/jwt/
[7/3/24 15:29:55:523 UTC] 0000003d com.ibm.ws.http.internal.VirtualHostImpl                     A CWWKT0016I: Web application available (default_host): http://7934c517dc90:9080/ibm/api/
[7/3/24 15:29:55:524 UTC] 0000003f com.ibm.ws.http.internal.VirtualHostImpl                     A CWWKT0016I: Web application available (default_host): http://7934c517dc90:9080/health/
[7/3/24 15:29:55:525 UTC] 0000003e com.ibm.ws.http.internal.VirtualHostImpl                     A CWWKT0016I: Web application available (default_host): http://7934c517dc90:9080/metrics/
[7/3/24 15:29:55:574 UTC] 00000045 com.ibm.ws.webcontainer.osgi.webapp.WebGroup                 I SRVE0169I: Loading Web Module: MicroProfileOpenAPI.
[7/3/24 15:29:55:575 UTC] 00000045 com.ibm.ws.webcontainer                                      I SRVE0250I: Web Module MicroProfileOpenAPI has been bound to default_host.
[7/3/24 15:29:55:576 UTC] 00000045 com.ibm.ws.http.internal.VirtualHostImpl                     A CWWKT0016I: Web application available (default_host): http://7934c517dc90:9080/openapi/
[7/3/24 15:29:55:606 UTC] 00000042 org.jboss.weld.Version                                       I WELD-000900: 3.1.9 (Final)
[7/3/24 15:29:55:674 UTC] 00000046 com.ibm.ws.session.WASSessionCore                            I SESN0176I: A new session context will be created for application key default_host/jwt
[7/3/24 15:29:55:674 UTC] 0000004c com.ibm.ws.session.WASSessionCore                            I SESN0176I: A new session context will be created for application key default_host/ibm/api
[7/3/24 15:29:55:674 UTC] 0000004f com.ibm.ws.session.WASSessionCore                            I SESN0176I: A new session context will be created for application key default_host/metrics
[7/3/24 15:29:55:674 UTC] 00000043 com.ibm.ws.session.WASSessionCore                            I SESN0176I: A new session context will be created for application key default_host/openapi/ui
[7/3/24 15:29:55:674 UTC] 0000004d com.ibm.ws.session.WASSessionCore                            I SESN0176I: A new session context will be created for application key default_host/health
[7/3/24 15:29:55:674 UTC] 00000052 com.ibm.ws.session.WASSessionCore                            I SESN0176I: A new session context will be created for application key default_host/openapi
[7/3/24 15:29:55:689 UTC] 00000051 com.ibm.ws.webcontainer.osgi.mbeans.PluginGenerator          I SRVE9103I: A configuration file for a web server plugin was automatically generated for this server at /opt/ibm/wlp/output/defaultServer/logs/state/plugin-cfg.xml.
[7/3/24 15:29:55:712 UTC] 00000046 com.ibm.ws.util                                              I SESN0172I: The session manager is using the Java default SecureRandom implementation for session ID generation.
[7/3/24 15:29:55:718 UTC] 0000004d com.ibm.ws.util                                              I SESN0172I: The session manager is using the Java default SecureRandom implementation for session ID generation.
[7/3/24 15:29:55:719 UTC] 00000043 com.ibm.ws.util                                              I SESN0172I: The session manager is using the Java default SecureRandom implementation for session ID generation.
[7/3/24 15:29:55:721 UTC] 0000004c com.ibm.ws.util                                              I SESN0172I: The session manager is using the Java default SecureRandom implementation for session ID generation.
[7/3/24 15:29:55:722 UTC] 00000052 com.ibm.ws.util                                              I SESN0172I: The session manager is using the Java default SecureRandom implementation for session ID generation.
[7/3/24 15:29:55:723 UTC] 0000004f com.ibm.ws.util                                              I SESN0172I: The session manager is using the Java default SecureRandom implementation for session ID generation.
[7/3/24 15:29:55:736 UTC] 0000004e com.ibm.ws.webcontainer.osgi.mbeans.PluginGenerator          I SRVE9103I: A configuration file for a web server plugin was automatically generated for this server at /opt/ibm/wlp/output/defaultServer/logs/state/plugin-cfg.xml.
[7/3/24 15:29:55:744 UTC] 00000043 com.ibm.ws.cache.CacheServiceImpl                            I DYNA1056I: Dynamic Cache (object cache) initialized successfully.
[7/3/24 15:29:55:866 UTC] 00000052 com.ibm.ws.webcontainer.servlet                              I SRVE0242I: [io.openliberty.microprofile.openapi.2.0.internal] [/openapi] [ApplicationServlet]: Initialization successful.
[7/3/24 15:29:55:867 UTC] 0000004d com.ibm.ws.webcontainer.servlet                              I SRVE0242I: [io.openliberty.microprofile.health.3.1.internal] [/health] [HealthCheckReadinessServlet]: Initialization successful.
[7/3/24 15:29:55:868 UTC] 0000004d com.ibm.ws.webcontainer.servlet                              I SRVE0242I: [io.openliberty.microprofile.health.3.1.internal] [/health] [HealthCheckServlet]: Initialization successful.
[7/3/24 15:29:55:868 UTC] 0000004f com.ibm.ws.webcontainer.servlet                              I SRVE0242I: [io.openliberty.microprofile.metrics.internal.private] [/metrics] [PrivateMetricsRESTProxyServlet]: Initialization successful.
[7/3/24 15:29:55:870 UTC] 0000004d com.ibm.ws.webcontainer.servlet                              I SRVE0242I: [io.openliberty.microprofile.health.3.1.internal] [/health] [HealthCheckStartupServlet]: Initialization successful.
[7/3/24 15:29:55:871 UTC] 0000004d com.ibm.ws.webcontainer.servlet                              I SRVE0242I: [io.openliberty.microprofile.health.3.1.internal] [/health] [HealthCheckLivenessServlet]: Initialization successful.
[7/3/24 15:29:56:439 UTC] 00000042 org.hibernate.validator.internal.util.Version                I HV000001: Hibernate Validator 6.1.7.Final
[7/3/24 15:29:56:601 UTC] 00000042 com.ibm.j2ca.RAIMSTM                                         I AFC Version : 7.0.0.4 IF02
[7/3/24 15:29:56:606 UTC] 00000042 om.ibm.ws.app.manager.rar.internal.RARApplicationHandlerImpl A J2CA7001I: Resource adapter gmoa installed in 1.373 seconds.
[7/3/24 15:29:56:612 UTC] 00000037 com.ibm.ws.app.manager.AppMessageHelper                      I CWWKZ0018I: Starting application zosconnect-ui-backend.
[7/3/24 15:29:56:612 UTC] 00000045 com.ibm.ws.app.manager.AppMessageHelper                      I CWWKZ0018I: Starting application zosconnect-ui-backend-db2.
[7/3/24 15:29:56:612 UTC] 00000051 com.ibm.ws.app.manager.AppMessageHelper                      I CWWKZ0018I: Starting application zosconnect-ui-backend-cics.
[7/3/24 15:29:56:612 UTC] 0000004e com.ibm.ws.app.manager.AppMessageHelper                      I CWWKZ0018I: Starting application zosconnect-ui.
[7/3/24 15:29:56:612 UTC] 00000036 com.ibm.ws.app.manager.AppMessageHelper                      I CWWKZ0018I: Starting application zosconnect-ui-backend-ims.
[7/3/24 15:29:56:615 UTC] 00000051 bm.ws.app.manager.war.internal.WARDeployedAppInfoFactoryImpl I CWWKZ0133I: The zosconnect-ui-backend-cics application at the /opt/ibm/zosconnect/lib/com.ibm.zosconnect.ui.backend.cics.war location is being expanded to the /opt/ibm/wlp/usr/servers/defaultServer/apps/expanded/zosconnect-ui-backend-cics.war directory.
[7/3/24 15:29:56:614 UTC] 00000037 bm.ws.app.manager.war.internal.WARDeployedAppInfoFactoryImpl I CWWKZ0133I: The zosconnect-ui-backend application at the /opt/ibm/zosconnect/lib/com.ibm.zosconnect.ui.backend.war location is being expanded to the /opt/ibm/wlp/usr/servers/defaultServer/apps/expanded/zosconnect-ui-backend.war directory.
[7/3/24 15:29:56:614 UTC] 00000045 bm.ws.app.manager.war.internal.WARDeployedAppInfoFactoryImpl I CWWKZ0133I: The zosconnect-ui-backend-db2 application at the /opt/ibm/zosconnect/lib/com.ibm.zosconnect.ui.backend.db2.war location is being expanded to the /opt/ibm/wlp/usr/servers/defaultServer/apps/expanded/zosconnect-ui-backend-db2.war directory.
[7/3/24 15:29:56:615 UTC] 0000004e bm.ws.app.manager.war.internal.WARDeployedAppInfoFactoryImpl I CWWKZ0133I: The zosconnect-ui application at the /opt/ibm/zosconnect/lib/com.ibm.zosconnect.ui.war location is being expanded to the /opt/ibm/wlp/usr/servers/defaultServer/apps/expanded/zosconnect-ui.war directory.
[7/3/24 15:29:56:616 UTC] 00000036 bm.ws.app.manager.war.internal.WARDeployedAppInfoFactoryImpl I CWWKZ0133I: The zosconnect-ui-backend-ims application at the /opt/ibm/zosconnect/lib/com.ibm.zosconnect.ui.backend.ims.war location is being expanded to the /opt/ibm/wlp/usr/servers/defaultServer/apps/expanded/zosconnect-ui-backend-ims.war directory.
[7/3/24 15:29:57:017 UTC] 0000004e com.ibm.ws.webcontainer.osgi.webapp.WebGroup                 I SRVE0169I: Loading Web Module: z/OS Connect Designer.
[7/3/24 15:29:57:018 UTC] 0000004e com.ibm.ws.webcontainer                                      I SRVE0250I: Web Module z/OS Connect Designer has been bound to default_host.
[7/3/24 15:29:57:029 UTC] 0000004e com.ibm.ws.http.internal.VirtualHostImpl                     A CWWKT0016I: Web application available (default_host): http://7934c517dc90:9080/zosConnect/designer/
[7/3/24 15:29:57:061 UTC] 0000004e com.ibm.ws.webcontainer.osgi.mbeans.PluginGenerator          I SRVE9103I: A configuration file for a web server plugin was automatically generated for this server at /opt/ibm/wlp/output/defaultServer/logs/state/plugin-cfg.xml.
[7/3/24 15:29:57:085 UTC] 00000052 com.ibm.ws.session.WASSessionCore                            I SESN0176I: A new session context will be created for application key default_host/zosConnect/designer
[7/3/24 15:29:57:086 UTC] 00000052 com.ibm.ws.util                                              I SESN0172I: The session manager is using the Java default SecureRandom implementation for session ID generation.
[7/3/24 15:29:57:093 UTC] 00000052 com.ibm.ws.app.manager.AppMessageHelper                      A CWWKZ0001I: Application zosconnect-ui started in 0.480 seconds.
[7/3/24 15:29:58:937 UTC] 00000045 com.ibm.ws.webcontainer.osgi.webapp.WebGroup                 I SRVE0169I: Loading Web Module: com.ibm.zosconnect.ui.backend.db2.
[7/3/24 15:29:58:937 UTC] 00000051 com.ibm.ws.webcontainer.osgi.webapp.WebGroup                 I SRVE0169I: Loading Web Module: com.ibm.zosconnect.ui.backend.cics.
[7/3/24 15:29:58:938 UTC] 00000045 com.ibm.ws.webcontainer                                      I SRVE0250I: Web Module com.ibm.zosconnect.ui.backend.db2 has been bound to default_host.
[7/3/24 15:29:58:938 UTC] 00000051 com.ibm.ws.webcontainer                                      I SRVE0250I: Web Module com.ibm.zosconnect.ui.backend.cics has been bound to default_host.
[7/3/24 15:29:58:939 UTC] 00000036 com.ibm.ws.webcontainer.osgi.webapp.WebGroup                 I SRVE0169I: Loading Web Module: com.ibm.zosconnect.ui.backend.ims.
[7/3/24 15:29:58:939 UTC] 00000045 com.ibm.ws.http.internal.VirtualHostImpl                     A CWWKT0016I: Web application available (default_host): http://7934c517dc90:9080/zosConnect/designer/api/zosAssetProvider/db2-1.0/
[7/3/24 15:29:58:940 UTC] 00000036 com.ibm.ws.webcontainer                                      I SRVE0250I: Web Module com.ibm.zosconnect.ui.backend.ims has been bound to default_host.
[7/3/24 15:29:58:941 UTC] 00000051 com.ibm.ws.http.internal.VirtualHostImpl                     A CWWKT0016I: Web application available (default_host): http://7934c517dc90:9080/zosConnect/designer/api/zosAssetProvider/cics-1.0/
[7/3/24 15:29:58:942 UTC] 00000036 com.ibm.ws.http.internal.VirtualHostImpl                     A CWWKT0016I: Web application available (default_host): http://7934c517dc90:9080/zosConnect/designer/api/zosAssetProvider/ims-1.0/
[7/3/24 15:29:58:942 UTC] 0000003f com.ibm.ws.session.WASSessionCore                            I SESN0176I: A new session context will be created for application key default_host/zosConnect/designer/api/zosAssetProvider/db2-1.0
[7/3/24 15:29:58:942 UTC] 0000003c com.ibm.ws.session.WASSessionCore                            I SESN0176I: A new session context will be created for application key default_host/zosConnect/designer/api/zosAssetProvider/cics-1.0
[7/3/24 15:29:58:943 UTC] 0000003f com.ibm.ws.util                                              I SESN0172I: The session manager is using the Java default SecureRandom implementation for session ID generation.
[7/3/24 15:29:58:943 UTC] 00000052 com.ibm.ws.session.WASSessionCore                            I SESN0176I: A new session context will be created for application key default_host/zosConnect/designer/api/zosAssetProvider/ims-1.0
[7/3/24 15:29:58:945 UTC] 0000003c com.ibm.ws.util                                              I SESN0172I: The session manager is using the Java default SecureRandom implementation for session ID generation.
[7/3/24 15:29:58:946 UTC] 00000052 com.ibm.ws.util                                              I SESN0172I: The session manager is using the Java default SecureRandom implementation for session ID generation.
[7/3/24 15:29:58:962 UTC] 00000036 com.ibm.ws.webcontainer.osgi.mbeans.PluginGenerator          I SRVE9103I: A configuration file for a web server plugin was automatically generated for this server at /opt/ibm/wlp/output/defaultServer/logs/state/plugin-cfg.xml.
[7/3/24 15:29:58:965 UTC] 0000003f com.ibm.ws.app.manager.AppMessageHelper                      A CWWKZ0001I: Application zosconnect-ui-backend-db2 started in 2.352 seconds.
[7/3/24 15:29:58:965 UTC] 00000052 com.ibm.ws.app.manager.AppMessageHelper                      A CWWKZ0001I: Application zosconnect-ui-backend-ims started in 2.352 seconds.
[7/3/24 15:29:58:965 UTC] 0000003c com.ibm.ws.app.manager.AppMessageHelper                      A CWWKZ0001I: Application zosconnect-ui-backend-cics started in 2.352 seconds.
[7/3/24 15:30:00:477 UTC] 00000037 com.ibm.ws.webcontainer.osgi.webapp.WebGroup                 I SRVE0169I: Loading Web Module: com.ibm.zosconnect.ui.backend.
[7/3/24 15:30:00:478 UTC] 00000037 com.ibm.ws.webcontainer                                      I SRVE0250I: Web Module com.ibm.zosconnect.ui.backend has been bound to default_host.
[7/3/24 15:30:00:479 UTC] 00000037 com.ibm.ws.http.internal.VirtualHostImpl                     A CWWKT0016I: Web application available (default_host): http://7934c517dc90:9080/zosConnect/designer/api/
[7/3/24 15:30:00:480 UTC] 00000047 com.ibm.ws.session.WASSessionCore                            I SESN0176I: A new session context will be created for application key default_host/zosConnect/designer/api
[7/3/24 15:30:00:481 UTC] 00000047 com.ibm.ws.util                                              I SESN0172I: The session manager is using the Java default SecureRandom implementation for session ID generation.
[7/3/24 15:30:00:500 UTC] 00000037 com.ibm.ws.webcontainer.osgi.mbeans.PluginGenerator          I SRVE9103I: A configuration file for a web server plugin was automatically generated for this server at /opt/ibm/wlp/output/defaultServer/logs/state/plugin-cfg.xml.
[7/3/24 15:30:00:529 UTC] 00000047 com.ibm.ws.app.manager.AppMessageHelper                      A CWWKZ0001I: Application zosconnect-ui-backend started in 3.917 seconds.
[7/3/24 15:30:00:561 UTC] 00000085 m.ibm.zosconnect.ui.backend.apiproject.TestApiProjectHandler I BAQW0070E: The API project file build.gradle does not exist in the expected location /workspace/project/build.gradle.
[7/3/24 15:30:00:645 UTC] 00000035 com.ibm.ws.tcpchannel.internal.TCPPort                       I CWWKO0219I: TCP Channel defaultHttpEndpoint has been started and is now listening for requests on host *  (IPv4) port 9080.
[7/3/24 15:30:00:649 UTC] 00000047 g.apache.cxf.cxf.core.3.2:1.0.75.cl230320230319-1900(id=91)] I Setting the server's publish address to be /
[7/3/24 15:30:00:678 UTC] 00000085 m.ibm.zosconnect.ui.backend.apiproject.TestApiProjectHandler I BAQW0071I: Successfully initialized monitoring of API project.
[7/3/24 15:30:00:695 UTC] 00000047 com.ibm.ws.webcontainer.servlet                              I SRVE0242I: [zosconnect-ui-backend] [/zosConnect/designer/api] [com.ibm.zosconnect.ui.backend]: Initialization successful.
[7/3/24 15:30:00:746 UTC] 00000035 com.ibm.ws.tcpchannel.internal.TCPPort                       I CWWKO0219I: TCP Channel defaultHttpEndpoint-ssl has been started and is now listening for requests on host *  (IPv4) port 9443.
[7/3/24 15:30:00:791 UTC] 00000035 com.ibm.ws.kernel.feature.internal.FeatureManager            A CWWKF0015I: The server has the following interim fixes active in the runtime: PH50863. For a full listing of installed fixes run: productInfo version --ifixes
[7/3/24 15:30:00:793 UTC] 00000035 com.ibm.ws.kernel.feature.internal.FeatureManager            A CWWKF0012I: The server installed the following features: [appSecurity-2.0, audit-1.0, beanValidation-2.0, cdi-2.0, distributedMap-1.0, el-3.0, jaxrs-2.1, jaxrsClient-2.1, jca-1.7, jndi-1.0, json-1.0, jsonb-1.0, jsonp-1.1, jsp-2.3, jwt-1.0, monitor-1.0, mpConfig-2.0, mpHealth-3.1, mpMetrics-3.0, mpOpenAPI-2.0, servlet-4.0, ssl-1.0, transportSecurity-1.0, zosconnect:cics-1.0, zosconnect:db2-1.0, zosconnect:designer-1.0, zosconnect:ims-1.0, zosconnect:zosConnect-3.0].
[7/3/24 15:30:00:794 UTC] 00000035 com.ibm.ws.kernel.feature.internal.FeatureManager            I CWWKF0008I: Feature update completed in 9.610 seconds.
[7/3/24 15:30:00:794 UTC] 00000035 com.ibm.ws.kernel.feature.internal.FeatureManager            A CWWKF0011I: The defaultServer server is ready to run a smarter planet. The defaultServer server started in 10.396 seconds.
[7/3/24 15:30:00:914 UTC] 00000051 com.ibm.ws.config.xml.internal.ConfigRefresher               A CWWKG0016I: Starting server configuration update.
[7/3/24 15:30:00:915 UTC] 00000051 com.ibm.ws.config.xml.internal.ServerXMLConfiguration        A CWWKG0093A: Processing configuration drop-ins resource: /opt/ibm/wlp/usr/servers/defaultServer/configDropins/defaults/keystore.xml
[7/3/24 15:30:00:916 UTC] 00000051 com.ibm.ws.config.xml.internal.ServerXMLConfiguration        A CWWKG0093A: Processing configuration drop-ins resource: /opt/ibm/wlp/usr/servers/defaultServer/configDropins/overrides/cics.xml
[7/3/24 15:30:00:917 UTC] 00000051 com.ibm.ws.config.xml.internal.ServerXMLConfiguration        A CWWKG0093A: Processing configuration drop-ins resource: /opt/ibm/wlp/usr/servers/defaultServer/configDropins/overrides/db2.xml
[7/3/24 15:30:00:918 UTC] 00000051 com.ibm.ws.config.xml.internal.ServerXMLConfiguration        A CWWKG0093A: Processing configuration drop-ins resource: /opt/ibm/wlp/usr/servers/defaultServer/configDropins/overrides/http-ssl-endpoint.xml
[7/3/24 15:30:00:919 UTC] 00000051 com.ibm.ws.config.xml.internal.ServerXMLConfiguration        A CWWKG0093A: Processing configuration drop-ins resource: /opt/ibm/wlp/usr/servers/defaultServer/configDropins/overrides/tls.xml
[7/3/24 15:30:01:224 UTC] 0000003b com.ibm.ws.kernel.feature.internal.FeatureManager            I CWWKF0007I: Feature update started.
[7/3/24 15:30:02:447 UTC] 00000051 com.ibm.ws.config.xml.internal.ConfigRefresher               A CWWKG0017I: The server configuration was successfully updated in 1.534 seconds.
[7/3/24 15:30:02:451 UTC] 0000003b com.ibm.ws.kernel.feature.internal.FeatureManager            A CWWKF0015I: The server has the following interim fixes active in the runtime: PH50863. For a full listing of installed fixes run: productInfo version --ifixes
[7/3/24 15:30:02:452 UTC] 0000003b com.ibm.ws.kernel.feature.internal.FeatureManager            A CWWKF0008I: Feature update completed in 1.249 seconds.
[7/3/24 15:32:08:347 UTC] 0000004c com.ibm.ws.webcontainer.servlet                              I SRVE0242I: [zosconnect-ui] [/zosConnect/designer] [DesignerServlet]: Initialization successful.
[7/3/24 16:12:19:447 UTC] 00000024 com.ibm.ws.kernel.launch.internal.FrameworkManager           A CWWKE0085I: The server defaultServer is stopping because the JVM is exiting.
[7/3/24 16:12:19:451 UTC] 000000d7 com.ibm.ws.runtime.update.internal.RuntimeUpdateManagerImpl  A CWWKE1100I: Waiting for up to 30 seconds for the server to quiesce.
[7/3/24 16:12:19:454 UTC] 000000a6 com.ibm.ws.tcpchannel.internal.TCPChannel                    I CWWKO0220I: TCP Channel defaultHttpEndpoint-ssl has stopped listening for requests on host *  (IPv4) port 9443.
[7/3/24 16:12:19:457 UTC] 000000b2 com.ibm.ws.tcpchannel.internal.TCPChannel                    I CWWKO0220I: TCP Channel defaultHttpEndpoint has stopped listening for requests on host *  (IPv4) port 9080.
[7/3/24 16:12:19:459 UTC] 000000b2 com.ibm.ws.http.internal.VirtualHostImpl                     A CWWKT0017I: Web application removed (default_host): http://7934c517dc90:9080/jwt/
[7/3/24 16:12:19:460 UTC] 000000b2 com.ibm.ws.http.internal.VirtualHostImpl                     A CWWKT0017I: Web application removed (default_host): http://7934c517dc90:9080/zosConnect/designer/api/
[7/3/24 16:12:19:460 UTC] 000000b2 com.ibm.ws.http.internal.VirtualHostImpl                     A CWWKT0017I: Web application removed (default_host): http://7934c517dc90:9080/zosConnect/designer/api/zosAssetProvider/db2-1.0/
[7/3/24 16:12:19:461 UTC] 000000b2 com.ibm.ws.http.internal.VirtualHostImpl                     A CWWKT0017I: Web application removed (default_host): http://7934c517dc90:9080/openapi/ui/
[7/3/24 16:12:19:462 UTC] 000000b2 com.ibm.ws.http.internal.VirtualHostImpl                     A CWWKT0017I: Web application removed (default_host): http://7934c517dc90:9080/health/
[7/3/24 16:12:19:463 UTC] 000000b2 com.ibm.ws.http.internal.VirtualHostImpl                     A CWWKT0017I: Web application removed (default_host): http://7934c517dc90:9080/metrics/
[7/3/24 16:12:19:463 UTC] 000000b2 com.ibm.ws.http.internal.VirtualHostImpl                     A CWWKT0017I: Web application removed (default_host): http://7934c517dc90:9080/zosConnect/designer/api/zosAssetProvider/cics-1.0/
[7/3/24 16:12:19:464 UTC] 000000b2 com.ibm.ws.http.internal.VirtualHostImpl                     A CWWKT0017I: Web application removed (default_host): http://7934c517dc90:9080/zosConnect/designer/api/zosAssetProvider/ims-1.0/
[7/3/24 16:12:19:464 UTC] 000000b2 com.ibm.ws.http.internal.VirtualHostImpl                     A CWWKT0017I: Web application removed (default_host): http://7934c517dc90:9080/zosConnect/designer/
[7/3/24 16:12:19:465 UTC] 000000b2 com.ibm.ws.http.internal.VirtualHostImpl                     A CWWKT0017I: Web application removed (default_host): http://7934c517dc90:9080/ibm/api/
[7/3/24 16:12:19:466 UTC] 000000b2 com.ibm.ws.http.internal.VirtualHostImpl                     A CWWKT0017I: Web application removed (default_host): http://7934c517dc90:9080/openapi/
[7/3/24 16:12:20:469 UTC] 000000d7 com.ibm.ws.runtime.update.internal.RuntimeUpdateManagerImpl  I CWWKE1101I: Server quiesce complete.
[7/3/24 16:12:20:516 UTC] 000000cf com.ibm.ws.app.manager.AppMessageHelper                      A CWWKZ0009I: The application zosconnect-ui has stopped successfully.
[7/3/24 16:12:20:521 UTC] 000000d2 com.ibm.ws.app.manager.AppMessageHelper                      A CWWKZ0009I: The application zosconnect-ui-backend-cics has stopped successfully.
[7/3/24 16:12:20:524 UTC] 000000a9 com.ibm.ws.app.manager.AppMessageHelper                      A CWWKZ0009I: The application zosconnect-ui-backend-db2 has stopped successfully.
[7/3/24 16:12:20:526 UTC] 000000ba com.ibm.ws.app.manager.AppMessageHelper                      A CWWKZ0009I: The application zosconnect-ui-backend-ims has stopped successfully.
[7/3/24 16:12:20:530 UTC] 000000b0 om.ibm.ws.app.manager.rar.internal.RARApplicationHandlerImpl A J2CA7009I: The resource adapter gmoa has uninstalled successfully.
[7/3/24 16:12:20:532 UTC] 000000c2 com.ibm.ws.app.manager.AppMessageHelper                      A CWWKZ0009I: The application zosconnect-ui-backend has stopped successfully.
[7/3/24 16:12:20:732 UTC] 000000d7 .microprofile.metrics.internal.monitor.MonitorMetricsHandler I CWPMI2004I: All monitoring metrics were unregistered from mpMetrics.
[7/3/24 16:12:20:904 UTC] 000000d7 com.ibm.ws.security.audit.file.AuditFileHandler              I CWWKS5806I: The audit file handler service has stopped.
[7/3/24 16:12:20:907 UTC] 000000d7 com.ibm.ws.security.audit.source.AuditServiceImpl            I CWWKS5852I: The audit service has stopped.
[7/3/24 16:12:20:952 UTC] 000000d7 com.ibm.ws.security.ready.internal.SecurityReadyServiceImpl  I CWWKS0009I: The security service has stopped.
[7/3/24 16:12:20:972 UTC] 000000d7 ibm.ws.security.authentication.internal.jaas.JAASServiceImpl I CWWKS1124I: The collective authentication plugin with class name NullCollectiveAuthenticationPlugin has been deactivated. 
[7/3/24 16:12:21:463 UTC] 00000001 com.ibm.ws.kernel.launch.internal.FrameworkManager           A CWWKE0036I: The server defaultServer stopped after 42 minutes, 31.064 seconds.
